[    0.000000] Initializing cgroup subsys cpuset
[    0.000000] Initializing cgroup subsys cpu
[    0.000000] Initializing cgroup subsys cpuacct
[    0.000000] Linux version 4.4.0-174-generic (buildd@lcy01-amd64-027) (gcc version 5.4.0 20160609 (Ubuntu 5.4.0-6ubuntu1~16.04.12) ) #204-Ubuntu SMP Wed Jan 29 06:41:01 UTC 2020 (Ubuntu 4.4.0-174.204-generic 4.4.211)
[    0.000000] Command line: BOOT_IMAGE=/boot/vmlinuz-4.4.0-174-generic root=LABEL=cloudimg-rootfs ro console=tty1 console=ttyS0
[    0.000000] KERNEL supported cpus:
[    0.000000]   Intel GenuineIntel
[    0.000000]   AMD AuthenticAMD
[    0.000000]   Centaur CentaurHauls
[    0.000000] x86/fpu: xstate_offset[2]:  576, xstate_sizes[2]:  256
[    0.000000] x86/fpu: Supporting XSAVE feature 0x01: 'x87 floating point registers'
[    0.000000] x86/fpu: Supporting XSAVE feature 0x02: 'SSE registers'
[    0.000000] x86/fpu: Supporting XSAVE feature 0x04: 'AVX registers'
[    0.000000] x86/fpu: Enabled xstate features 0x7, context size is 832 bytes, using 'standard' format.
[    0.000000] e820: BIOS-provided physical RAM map:
[    0.000000] BIOS-e820: [mem 0x0000000000000000-0x000000000009fbff] usable
[    0.000000] BIOS-e820: [mem 0x000000000009fc00-0x000000000009ffff] reserved
[    0.000000] BIOS-e820: [mem 0x00000000000f0000-0x00000000000fffff] reserved
[    0.000000] BIOS-e820: [mem 0x0000000000100000-0x000000003ffeffff] usable
[    0.000000] BIOS-e820: [mem 0x000000003fff0000-0x000000003fffffff] ACPI data
[    0.000000] BIOS-e820: [mem 0x00000000fec00000-0x00000000fec00fff] reserved
[    0.000000] BIOS-e820: [mem 0x00000000fee00000-0x00000000fee00fff] reserved
[    0.000000] BIOS-e820: [mem 0x00000000fffc0000-0x00000000ffffffff] reserved
[    0.000000] NX (Execute Disable) protection: active
[    0.000000] SMBIOS 2.5 present.
[    0.000000] Hypervisor detected: KVM
[    0.000000] e820: last_pfn = 0x3fff0 max_arch_pfn = 0x400000000
[    0.000000] MTRR: Disabled
[    0.000000] x86/PAT: MTRRs disabled, skipping PAT initialization too.
[    0.000000] CPU MTRRs all blank - virtualized system.
[    0.000000] x86/PAT: Configuration [0-7]: WB  WT  UC- UC  WB  WT  UC- UC  
[    0.000000] found SMP MP-table at [mem 0x0009fff0-0x0009ffff] mapped at [ffff88000009fff0]
[    0.000000] Scanning 1 areas for low memory corruption
[    0.000000] RAMDISK: [mem 0x362e2000-0x37168fff]
[    0.000000] ACPI: Early table checksum verification disabled
[    0.000000] ACPI: RSDP 0x00000000000E0000 000024 (v02 VBOX  )
[    0.000000] ACPI: XSDT 0x000000003FFF0030 00003C (v01 VBOX   VBOXXSDT 00000001 ASL  00000061)
[    0.000000] ACPI: FACP 0x000000003FFF00F0 0000F4 (v04 VBOX   VBOXFACP 00000001 ASL  00000061)
[    0.000000] ACPI: DSDT 0x000000003FFF0470 0022EA (v02 VBOX   VBOXBIOS 00000002 INTL 20190509)
[    0.000000] ACPI: FACS 0x000000003FFF0200 000040
[    0.000000] ACPI: FACS 0x000000003FFF0200 000040
[    0.000000] ACPI: APIC 0x000000003FFF0240 00005C (v02 VBOX   VBOXAPIC 00000001 ASL  00000061)
[    0.000000] ACPI: SSDT 0x000000003FFF02A0 0001CC (v01 VBOX   VBOXCPUT 00000002 INTL 20190509)
[    0.000000] No NUMA configuration found
[    0.000000] Faking a node at [mem 0x0000000000000000-0x000000003ffeffff]
[    0.000000] NODE_DATA(0) allocated [mem 0x3ffeb000-0x3ffeffff]
[    0.000000] kvm-clock: Using msrs 4b564d01 and 4b564d00
[    0.000000] kvm-clock: cpu 0, msr 0:3ffe3001, primary cpu clock
[    0.000000] kvm-clock: using sched offset of 3258333233 cycles
[    0.000000] clocksource: kvm-clock: mask: 0xffffffffffffffff max_cycles: 0x1cd42e4dffb, max_idle_ns: 881590591483 ns
[    0.000000] Zone ranges:
[    0.000000]   DMA      [mem 0x0000000000001000-0x0000000000ffffff]
[    0.000000]   DMA32    [mem 0x0000000001000000-0x000000003ffeffff]
[    0.000000]   Normal   empty
[    0.000000]   Device   empty
[    0.000000] Movable zone start for each node
[    0.000000] Early memory node ranges
[    0.000000]   node   0: [mem 0x0000000000001000-0x000000000009efff]
[    0.000000]   node   0: [mem 0x0000000000100000-0x000000003ffeffff]
[    0.000000] Initmem setup node 0 [mem 0x0000000000001000-0x000000003ffeffff]
[    0.000000] ACPI: PM-Timer IO Port: 0x4008
[    0.000000] IOAPIC[0]: apic_id 2, version 32, address 0xfec00000, GSI 0-23
[    0.000000] ACPI: INT_SRC_OVR (bus 0 bus_irq 0 global_irq 2 dfl dfl)
[    0.000000] ACPI: INT_SRC_OVR (bus 0 bus_irq 9 global_irq 9 low level)
[    0.000000] Using ACPI (MADT) for SMP configuration information
[    0.000000] smpboot: Allowing 2 CPUs, 0 hotplug CPUs
[    0.000000] PM: Registered nosave memory: [mem 0x00000000-0x00000fff]
[    0.000000] PM: Registered nosave memory: [mem 0x0009f000-0x0009ffff]
[    0.000000] PM: Registered nosave memory: [mem 0x000a0000-0x000effff]
[    0.000000] PM: Registered nosave memory: [mem 0x000f0000-0x000fffff]
[    0.000000] e820: [mem 0x40000000-0xfebfffff] available for PCI devices
[    0.000000] Booting paravirtualized kernel on KVM
[    0.000000] clocksource: refined-jiffies: mask: 0xffffffff max_cycles: 0xffffffff, max_idle_ns: 7645519600211568 ns
[    0.000000] setup_percpu: NR_CPUS:512 nr_cpumask_bits:512 nr_cpu_ids:2 nr_node_ids:1
[    0.000000] PERCPU: Embedded 33 pages/cpu @ffff88003fc00000 s95448 r8192 d31528 u1048576
[    0.000000] Built 1 zonelists in Node order, mobility grouping on.  Total pages: 257912
[    0.000000] Policy zone: DMA32
[    0.000000] Kernel command line: BOOT_IMAGE=/boot/vmlinuz-4.4.0-174-generic root=LABEL=cloudimg-rootfs ro console=tty1 console=ttyS0
[    0.000000] PID hash table entries: 4096 (order: 3, 32768 bytes)
[    0.000000] Memory: 997676K/1048120K available (8626K kernel code, 1336K rwdata, 4032K rodata, 1488K init, 1292K bss, 50444K reserved, 0K cma-reserved)
[    0.000000] SLUB: HWalign=64, Order=0-3, MinObjects=0, CPUs=2, Nodes=1
[    0.000000] Kernel/User page tables isolation: enabled
[    0.000000] Hierarchical RCU implementation.
[    0.000000] 	Build-time adjustment of leaf fanout to 64.
[    0.000000] 	RCU restricting CPUs from NR_CPUS=512 to nr_cpu_ids=2.
[    0.000000] RCU: Adjusting geometry for rcu_fanout_leaf=64, nr_cpu_ids=2
[    0.000000] NR_IRQS:33024 nr_irqs:440 16
[    0.000000] Console: colour VGA+ 80x25
[    0.000000] console [tty1] enabled
[    0.000000] console [ttyS0] enabled
[    0.000000] tsc: Detected 1991.998 MHz processor
[    0.108200] Calibrating delay loop (skipped) preset value.. 3983.99 BogoMIPS (lpj=7967992)
[    0.109382] pid_max: default: 32768 minimum: 301
[    0.110104] ACPI: Core revision 20150930
[    0.111449] ACPI: 2 ACPI AML tables successfully acquired and loaded
[    0.112523] Security Framework initialized
[    0.113162] Yama: becoming mindful.
[    0.113703] AppArmor: AppArmor initialized
[    0.114348] Dentry cache hash table entries: 131072 (order: 8, 1048576 bytes)
[    0.115838] Inode-cache hash table entries: 65536 (order: 7, 524288 bytes)
[    0.116851] Mount-cache hash table entries: 2048 (order: 2, 16384 bytes)
[    0.117720] Mountpoint-cache hash table entries: 2048 (order: 2, 16384 bytes)
[    0.118789] Initializing cgroup subsys io
[    0.119420] Initializing cgroup subsys memory
[    0.120100] Initializing cgroup subsys devices
[    0.120747] Initializing cgroup subsys freezer
[    0.121383] Initializing cgroup subsys net_cls
[    0.122014] Initializing cgroup subsys perf_event
[    0.122676] Initializing cgroup subsys net_prio
[    0.123354] Initializing cgroup subsys hugetlb
[    0.124019] Initializing cgroup subsys pids
[    0.125814] mce: CPU supports 0 MCE banks
[    0.126420] Last level iTLB entries: 4KB 64, 2MB 8, 4MB 8
[    0.127099] Last level dTLB entries: 4KB 64, 2MB 0, 4MB 0, 1GB 4
[    0.127905] Spectre V1 : Mitigation: usercopy/swapgs barriers and __user pointer sanitization
[    0.129012] Spectre V2 : Mitigation: Full generic retpoline
[    0.129717] Spectre V2 : Spectre v2 / SpectreRSB mitigation: Filling RSB on context switch
[    0.130924] Speculative Store Bypass: Vulnerable
[    0.131662] MDS: Mitigation: Clear CPU buffers
[    0.134272] Freeing SMP alternatives memory: 36K
[    0.139485] ftrace: allocating 32305 entries in 127 pages
[    0.186415] smpboot: APIC(0) Converting physical 0 to logical package 0
[    0.187309] smpboot: Max logical packages: 1
[    0.188236] x2apic enabled
[    0.188875] Switched APIC routing to physical x2apic.
[    0.190428] ..TIMER: vector=0x30 apic1=0 pin1=2 apic2=-1 pin2=-1
[    0.299372] smpboot: CPU0: Intel(R) Core(TM) i7-8550U CPU @ 1.80GHz (family: 0x6, model: 0x8e, stepping: 0xa)
[    0.300963] Performance Events: unsupported p6 CPU model 142 no PMU driver, software events only.
[    0.310504] KVM setup paravirtual spinlock
[    0.311677] x86: Booting SMP configuration:
[    0.312309] .... node  #0, CPUs:      #1
[    0.313003] kvm-clock: cpu 1, msr 0:3ffe3041, secondary cpu clock
[    0.314757] mce: CPU supports 0 MCE banks
[    0.317166] x86: Booted up 1 node, 2 CPUs
[    0.317927] smpboot: Total of 2 processors activated (7967.99 BogoMIPS)
[    0.319263] devtmpfs: initialized
[    0.321124] evm: security.selinux
[    0.321680] evm: security.SMACK64
[    0.322231] evm: security.SMACK64EXEC
[    0.322778] evm: security.SMACK64TRANSMUTE
[    0.323424] evm: security.SMACK64MMAP
[    0.324010] evm: security.ima
[    0.324462] evm: security.capability
[    0.325250] clocksource: jiffies: mask: 0xffffffff max_cycles: 0xffffffff, max_idle_ns: 7645041785100000 ns
[    0.326596] futex hash table entries: 512 (order: 3, 32768 bytes)
[    0.327526] pinctrl core: initialized pinctrl subsystem
[    0.328286] RTC time:  9:53:38, date: 02/26/20
[    0.329045] NET: Registered protocol family 16
[    0.339639] cpuidle: using governor ladder
[    0.354256] cpuidle: using governor menu
[    0.354997] PCCT header not found.
[    0.355699] ACPI: bus type PCI registered
[    0.356358] acpiphp: ACPI Hot Plug PCI Controller Driver version: 0.5
[    0.357254] PCI: Using configuration type 1 for base access
[    0.368479] ACPI: Added _OSI(Module Device)
[    0.369155] ACPI: Added _OSI(Processor Device)
[    0.369833] ACPI: Added _OSI(3.0 _SCP Extensions)
[    0.370531] ACPI: Added _OSI(Processor Aggregator Device)
[    0.371829] ACPI: Executed 1 blocks of module-level executable AML code
[    0.374190] ACPI: Interpreter enabled
[    0.374763] ACPI: (supports S0 S5)
[    0.375308] ACPI: Using IOAPIC for interrupt routing
[    0.376102] PCI: Using host bridge windows from ACPI; if necessary, use "pci=nocrs" and report a bug
[    0.379826] ACPI: PCI Root Bridge [PCI0] (domain 0000 [bus 00-ff])
[    0.380698] acpi PNP0A03:00: _OSC: OS supports [ASPM ClockPM Segments MSI]
[    0.381805] acpi PNP0A03:00: _OSC: not requesting OS control; OS requires [ExtendedConfig ASPM ClockPM MSI]
[    0.383106] acpi PNP0A03:00: fail to add MMCONFIG information, can't access extended PCI configuration space under this bridge.
[    0.384841] PCI host bridge to bus 0000:00
[    0.385478] pci_bus 0000:00: root bus resource [io  0x0000-0x0cf7 window]
[    0.386479] pci_bus 0000:00: root bus resource [io  0x0d00-0xffff window]
[    0.387390] pci_bus 0000:00: root bus resource [mem 0x000a0000-0x000bffff window]
[    0.388483] pci_bus 0000:00: root bus resource [mem 0x40000000-0xfdffffff window]
[    0.389521] pci_bus 0000:00: root bus resource [bus 00-ff]
[    0.391595] pci 0000:00:01.1: legacy IDE quirk: reg 0x10: [io  0x01f0-0x01f7]
[    0.392460] pci 0000:00:01.1: legacy IDE quirk: reg 0x14: [io  0x03f6]
[    0.393267] pci 0000:00:01.1: legacy IDE quirk: reg 0x18: [io  0x0170-0x0177]
[    0.394259] pci 0000:00:01.1: legacy IDE quirk: reg 0x1c: [io  0x0376]
[    0.411953] pci 0000:00:07.0: quirk: [io  0x4000-0x403f] claimed by PIIX4 ACPI
[    0.413017] pci 0000:00:07.0: quirk: [io  0x4100-0x410f] claimed by PIIX4 SMB
[    0.417103] ACPI: PCI Interrupt Link [LNKA] (IRQs 5 9 10 *11)
[    0.418421] ACPI: PCI Interrupt Link [LNKB] (IRQs 5 9 *10 11)
[    0.419490] ACPI: PCI Interrupt Link [LNKC] (IRQs 5 *9 10 11)
[    0.420751] ACPI: PCI Interrupt Link [LNKD] (IRQs 5 9 10 *11)
[    0.421920] ACPI: Enabled 2 GPEs in block 00 to 07
[    0.423006] vgaarb: setting as boot device: PCI:0000:00:02.0
[    0.423878] vgaarb: device added: PCI:0000:00:02.0,decodes=io+mem,owns=io+mem,locks=none
[    0.425028] vgaarb: loaded
[    0.425582] vgaarb: bridge control possible 0000:00:02.0
[    0.426550] SCSI subsystem initialized
[    0.427369] ACPI: bus type USB registered
[    0.428084] usbcore: registered new interface driver usbfs
[    0.428829] usbcore: registered new interface driver hub
[    0.429600] usbcore: registered new device driver usb
[    0.430703] PCI: Using ACPI for IRQ routing
[    0.431672] NetLabel: Initializing
[    0.432169] NetLabel:  domain hash size = 128
[    0.432793] NetLabel:  protocols = UNLABELED CIPSOv4
[    0.433972] NetLabel:  unlabeled traffic allowed by default
[    0.434887] amd_nb: Cannot enumerate AMD northbridges
[    0.435815] clocksource: Switched to clocksource kvm-clock
[    0.441598] AppArmor: AppArmor Filesystem Enabled
[    0.442313] pnp: PnP ACPI init
[    0.443376] pnp: PnP ACPI: found 3 devices
[    0.451857] clocksource: acpi_pm: mask: 0xffffff max_cycles: 0xffffff, max_idle_ns: 2085701024 ns
[    0.453117] NET: Registered protocol family 2
[    0.453876] TCP established hash table entries: 8192 (order: 4, 65536 bytes)
[    0.454883] TCP bind hash table entries: 8192 (order: 5, 131072 bytes)
[    0.455805] TCP: Hash tables configured (established 8192 bind 8192)
[    0.456784] UDP hash table entries: 512 (order: 2, 16384 bytes)
[    0.457611] UDP-Lite hash table entries: 512 (order: 2, 16384 bytes)
[    0.458478] NET: Registered protocol family 1
[    0.459107] pci 0000:00:00.0: Limiting direct PCI/PCI transfers
[    0.459970] pci 0000:00:01.0: Activating ISA DMA hang workarounds
[    0.460905] Unpacking initramfs...
[    0.633950] Freeing initrd memory: 14876K
[    0.634717] clocksource: tsc: mask: 0xffffffffffffffff max_cycles: 0x396d4e5fc9d, max_idle_ns: 881590756024 ns
[    0.636386] platform rtc_cmos: registered platform RTC device (no PNP device found)
[    0.637537] Scanning for low memory corruption every 60 seconds
[    0.638752] audit: initializing netlink subsys (disabled)
[    0.639598] audit: type=2000 audit(1582710823.566:1): initialized
[    0.640772] Initialise system trusted keyring
[    0.641674] HugeTLB registered 2 MB page size, pre-allocated 0 pages
[    0.643578] zbud: loaded
[    0.644432] VFS: Disk quotas dquot_6.6.0
[    0.645034] VFS: Dquot-cache hash table entries: 512 (order 0, 4096 bytes)
[    0.646218] squashfs: version 4.0 (2009/01/31) Phillip Lougher
[    0.647347] fuse init (API version 7.23)
[    0.648407] Key type big_key registered
[    0.648989] Allocating IMA MOK and blacklist keyrings.
[    0.650479] Key type asymmetric registered
[    0.651147] Asymmetric key parser 'x509' registered
[    0.651951] Block layer SCSI generic (bsg) driver version 0.4 loaded (major 249)
[    0.653137] io scheduler noop registered
[    0.653782] io scheduler deadline registered (default)
[    0.654530] io scheduler cfq registered
[    0.655180] pci_hotplug: PCI Hot Plug PCI Core version: 0.5
[    0.656054] pciehp: PCI Express Hot Plug Controller Driver version: 0.4
[    0.657057] ACPI: AC Adapter [AC] (on-line)
[    0.657726] input: Power Button as /devices/LNXSYSTM:00/LNXPWRBN:00/input/input0
[    0.658793] ACPI: Power Button [PWRF]
[    0.659414] input: Sleep Button as /devices/LNXSYSTM:00/LNXSLPBN:00/input/input1
[    0.660694] ACPI: Sleep Button [SLPF]
[    0.661428] GHES: HEST is not enabled!
[    0.661895] ACPI: Battery Slot [BAT0] (battery present)
[    0.662860] Serial: 8250/16550 driver, 32 ports, IRQ sharing enabled
[    0.684120] 00:02: ttyS0 at I/O 0x3f8 (irq = 4, base_baud = 115200) is a 16550A
[    0.687404] Linux agpgart interface v0.103
[    0.689316] loop: module loaded
[    0.690332] scsi host0: ata_piix
[    0.690951] scsi host1: ata_piix
[    0.691501] ata1: PATA max UDMA/33 cmd 0x1f0 ctl 0x3f6 bmdma 0xd000 irq 14
[    0.692410] ata2: PATA max UDMA/33 cmd 0x170 ctl 0x376 bmdma 0xd008 irq 15
[    0.693433] libphy: Fixed MDIO Bus: probed
[    0.694145] tun: Universal TUN/TAP device driver, 1.6
[    0.694920] tun: (C) 1999-2004 Max Krasnyansky <maxk@qualcomm.com>
[    0.695867] PPP generic driver version 2.4.2
[    0.696755] ehci_hcd: USB 2.0 'Enhanced' Host Controller (EHCI) Driver
[    0.697607] ehci-pci: EHCI PCI platform driver
[    0.698260] ehci-platform: EHCI generic platform driver
[    0.698953] ohci_hcd: USB 1.1 'Open' Host Controller (OHCI) Driver
[    0.699807] ohci-pci: OHCI PCI platform driver
[    0.700581] ohci-platform: OHCI generic platform driver
[    0.701285] uhci_hcd: USB Universal Host Controller Interface driver
[    0.702136] i8042: PNP: PS/2 Controller [PNP0303:PS2K,PNP0f03:PS2M] at 0x60,0x64 irq 1,12
[    0.703670] serio: i8042 KBD port at 0x60,0x64 irq 1
[    0.704406] serio: i8042 AUX port at 0x60,0x64 irq 12
[    0.705528] mousedev: PS/2 mouse device common for all mice
[    0.706832] input: AT Translated Set 2 keyboard as /devices/platform/i8042/serio0/input/input2
[    0.708469] rtc_cmos rtc_cmos: rtc core: registered rtc_cmos as rtc0
[    0.709344] rtc_cmos rtc_cmos: alarms up to one day, 114 bytes nvram
[    0.710175] i2c /dev entries driver
[    0.710796] device-mapper: uevent: version 1.0.3
[    0.711624] device-mapper: ioctl: 4.34.0-ioctl (2015-10-28) initialised: dm-devel@redhat.com
[    0.712905] ledtrig-cpu: registered to indicate activity on CPUs
[    0.714148] NET: Registered protocol family 10
[    0.714952] NET: Registered protocol family 17
[    0.715633] Key type dns_resolver registered
[    0.716939] registered taskstats version 1
[    0.717596] Loading compiled-in X.509 certificates
[    0.718713] Loaded X.509 cert 'Build time autogenerated kernel key: 2501974cc66248a18f8fa54aaac948a5171f77fb'
[    0.720140] zswap: loaded using pool lzo/zbud
[    0.722276] Key type trusted registered
[    0.725445] Key type encrypted registered
[    0.726133] AppArmor: AppArmor sha1 policy hashing enabled
[    0.726933] ima: No TPM chip found, activating TPM-bypass!
[    0.727693] ima: Allocated hash algorithm: sha1
[    0.728387] evm: HMAC attrs: 0x1
[    0.729136]   Magic number: 8:222:880
[    0.729776] rtc_cmos rtc_cmos: setting system clock to 2020-02-26 09:53:38 UTC (1582710818)
[    0.731123] BIOS EDD facility v0.16 2004-Jun-25, 0 devices found
[    0.732052] EDD information not available.
[    0.851822] Freeing unused kernel memory: 1488K
[    0.855122] Write protecting the kernel read-only data: 14336k
[    0.860461] Freeing unused kernel memory: 1604K
[    0.864115] Freeing unused kernel memory: 64K
Loading, please wait...
starting version 229
[    0.914675] random: systemd-udevd: uninitialized urandom read (16 bytes read, 1 bits of entropy available)
[    0.916214] random: udevadm: uninitialized urandom read (16 bytes read, 1 bits of entropy available)
[    0.916253] random: udevadm: uninitialized urandom read (16 bytes read, 1 bits of entropy available)
[    0.924038] random: systemd-udevd: uninitialized urandom read (16 bytes read, 1 bits of entropy available)
[    0.926577] random: systemd-udevd: uninitialized urandom read (16 bytes read, 1 bits of entropy available)
[    0.927666] random: udevadm: uninitialized urandom read (16 bytes read, 1 bits of entropy available)
[    0.927716] random: udevadm: uninitialized urandom read (16 bytes read, 1 bits of entropy available)
[    0.927905] random: udevadm: uninitialized urandom read (16 bytes read, 1 bits of entropy available)
[    0.927968] random: udevadm: uninitialized urandom read (16 bytes read, 1 bits of entropy available)
[    0.928023] random: udevadm: uninitialized urandom read (16 bytes read, 1 bits of entropy available)
[    0.964319] Fusion MPT base driver 3.04.20
[    0.965064] Copyright (c) 1999-2008 LSI Corporation
[    0.965913] e1000: Intel(R) PRO/1000 Network Driver - version 7.3.21-k8-NAPI
[    0.966990] e1000: Copyright (c) 1999-2006 Intel Corporation.
[    0.969721] Fusion MPT SPI Host driver 3.04.20
[    0.982602] AVX2 version of gcm_enc/dec engaged.
[    0.983365] AES CTR mode by8 optimization enabled
[    1.172793] input: ImExPS/2 Generic Explorer Mouse as /devices/platform/i8042/serio1/input/input4
[    1.312201] e1000 0000:00:03.0 eth0: (PCI:33MHz:32-bit) 02:28:e8:e3:81:d2
[    1.313141] e1000 0000:00:03.0 eth0: Intel(R) PRO/1000 Network Connection
[    1.315051] e1000 0000:00:03.0 enp0s3: renamed from eth0
[    1.316013] mptbase: ioc0: Initiating bringup
[    1.591052] ioc0: LSI53C1030 A0: Capabilities={Initiator}
[    2.600771] scsi host2: ioc0: LSI53C1030 A0, FwRev=00000000h, Ports=1, MaxQ=256, IRQ=20
[    2.837378] scsi 2:0:0:0: Direct-Access     VBOX     HARDDISK         1.0  PQ: 0 ANSI: 5
[    2.842274] scsi target2:0:0: Beginning Domain Validation
[    2.844431] scsi target2:0:0: Domain Validation skipping write tests
[    2.845282] scsi target2:0:0: Ending Domain Validation
[    2.846025] scsi target2:0:0: asynchronous
[    2.846922] scsi 2:0:1:0: Direct-Access     VBOX     HARDDISK         1.0  PQ: 0 ANSI: 5
[    2.848249] scsi target2:0:1: Beginning Domain Validation
[    2.849581] scsi target2:0:1: Domain Validation skipping write tests
[    2.850487] scsi target2:0:1: Ending Domain Validation
[    2.851341] scsi target2:0:1: asynchronous
[    2.864597] sd 2:0:0:0: [sda] 20971520 512-byte logical blocks: (10.7 GB/10.0 GiB)
[    2.864682] sd 2:0:0:0: Attached scsi generic sg0 type 0
[    2.865004] sd 2:0:1:0: Attached scsi generic sg1 type 0
[    2.865160] sd 2:0:1:0: [sdb] 20480 512-byte logical blocks: (10.5 MB/10.0 MiB)
[    2.865277] sd 2:0:1:0: [sdb] Write Protect is off
[    2.865337] sd 2:0:1:0: [sdb] Incomplete mode parameter data
[    2.865338] sd 2:0:1:0: [sdb] Assuming drive cache: write through
[    2.871444] sd 2:0:0:0: [sda] Write Protect is off
[    2.872398] sd 2:0:0:0: [sda] Incomplete mode parameter data
[    2.873194] sd 2:0:1:0: [sdb] Attached SCSI disk
[    2.873919] sd 2:0:0:0: [sda] Assuming drive cache: write through
[    2.875831]  sda: sda1
[    2.876678] sd 2:0:0:0: [sda] Attached SCSI disk
Begin: Loading essential drivers ... [    4.173161] md: linear personality registered for level -1
[    4.175994] md: multipath personality registered for level -4
[    4.178816] md: raid0 personality registered for level 0
[    4.182556] md: raid1 personality registered for level 1
[    4.256288] raid6: sse2x1   gen() 14576 MB/s
[    4.326365] raid6: sse2x1   xor()  9864 MB/s
[    4.396277] raid6: sse2x2   gen() 14496 MB/s
[    4.466357] raid6: sse2x2   xor() 11929 MB/s
[    4.536352] raid6: sse2x4   gen() 20005 MB/s
[    4.604451] raid6: sse2x4   xor() 12319 MB/s
[    4.676272] raid6: avx2x1   gen() 23971 MB/s
[    4.747403] raid6: avx2x2   gen() 30472 MB/s
[    4.816276] raid6: avx2x4   gen() 31891 MB/s
[    4.817054] raid6: using algorithm avx2x4 gen() 31891 MB/s
[    4.817783] raid6: using avx2x2 recovery algorithm
[    4.819573] xor: automatically using best checksumming function:
[    4.859892]    avx       : 29023.000 MB/sec
[    4.861564] async_tx: api initialized (async)
[    4.869696] md: raid6 personality registered for level 6
[    4.870477] md: raid5 personality registered for level 5
[    4.871292] md: raid4 personality registered for level 4
[    4.877634] md: raid10 personality registered for level 10
done.
Begin: Running /scripts/init-premount ... done.
Begin: Mounting root file system ... Begin: Running /scripts/local-top ... done.
Begin: Running /scripts/local-premount ... [    4.901391] Btrfs loaded
Scanning for Btrfs filesystems
done.
Warning: fsck not present, so skipping root file system
[    4.926019] EXT4-fs (sda1): INFO: recovery required on readonly filesystem
[    4.926977] EXT4-fs (sda1): write access will be enabled during recovery
[    4.942420] EXT4-fs (sda1): recovery complete
[    4.943262] EXT4-fs (sda1): mounted filesystem with ordered data mode. Opts: (null)
done.
Begin: Running /scripts/local-bottom ... done.
Begin: Running /scripts/init-bottom ... done.
[    5.098163] systemd[1]: systemd 229 running in system mode. (+PAM +AUDIT +SELINUX +IMA +APPARMOR +SMACK +SYSVINIT +UTMP +LIBCRYPTSETUP +GCRYPT +GNUTLS +ACL +XZ -LZ4 +SECCOMP +BLKID +ELFUTILS +KMOD -IDN)
[    5.104319] systemd[1]: Detected virtualization oracle.
[    5.105924] systemd[1]: Detected architecture x86-64.

Welcome to [1mUbuntu 16.04.6 LTS[0m!

[    5.109805] systemd[1]: Set hostname to <ubuntu-xenial>.
[    5.248623] systemd[1]: Listening on LVM2 poll daemon socket.
[[0;32m  OK  [0m] Listening on LVM2 poll daemon socket.
[    5.250079] systemd[1]: Listening on /dev/initctl Compatibility Named Pipe.
[[0;32m  OK  [0m] Listening on /dev/initctl Compatibility Named Pipe.
[    5.251668] systemd[1]: Listening on udev Control Socket.
[[0;32m  OK  [0m] Listening on udev Control Socket.
[    5.253122] systemd[1]: Set up automount Arbitrary Executable File Formats File System Automount Point.
[[0;32m  OK  [0m] Set up automount Arbitrary Executab...ats File System Automount Point.
[    5.255289] systemd[1]: Started Forward Password Requests to Wall Directory Watch.
[[0;32m  OK  [0m] Started Forward Password Requests to Wall Directory Watch.
[    5.257272] systemd[1]: Listening on Journal Socket (/dev/log).
[[0;32m  OK  [0m] Listening on Journal Socket (/dev/log).
[    5.263955] systemd[1]: Reached target User and Group Name Lookups.
[[0;32m  OK  [0m] Reached target User and Group Name Lookups.
[    5.265402] systemd[1]: Listening on Syslog Socket.
[[0;32m  OK  [0m] Listening on Syslog Socket.
[    5.266722] systemd[1]: Listening on LVM2 metadata daemon socket.
[[0;32m  OK  [0m] Listening on LVM2 metadata daemon socket.
[    5.276128] systemd[1]: Created slice System Slice.
[[0;32m  OK  [0m] Created slice System Slice.
[    5.277625] systemd[1]: Created slice system-serial\x2dgetty.slice.
[[0;32m  OK  [0m] Created slice system-serial\x2dgetty.slice.
[    5.279124] systemd[1]: Reached target System Time Synchronized.
[[0;32m  OK  [0m] Reached target System Time Synchronized.
[    5.280634] systemd[1]: Listening on Journal Audit Socket.
[[0;32m  OK  [0m] Listening on Journal Audit Socket.
[    5.282048] systemd[1]: Listening on Journal Socket.
[[0;32m  OK  [0m] Listening on Journal Socket.
[    5.300297] systemd[1]: Mounting POSIX Message Queue File System...
         Mounting POSIX Message Queue File System...
[    5.314373] systemd[1]: Starting Load Kernel Modules...
         Starting Load Kernel Modules...
[    5.322625] systemd[1]: Starting Nameserver information manager...
         Starting Nameserver information manager...
[    5.332521] systemd[1]: Starting Set console keymap...
         Starting Set console keymap...
[    5.338268] systemd[1]: Starting Create list of required static device nodes for the current kernel...
[    5.342020] Loading iSCSI transport class v2.0-870.
         Starting Create list of required st... nodes for the current kernel...
[    5.347461] systemd[1]: Started Trigger resolvconf update for networkd DNS.
[[0;32m  OK  [0m] Started Trigger resolvconf update for networkd DNS.
[    5.350444] systemd[1]: Reached target Encrypted Volumes.
[[0;32m  OK  [0m] Reached target Encrypted Volumes.
[    5.353351] iscsi: registered transport (tcp)
[    5.354092] systemd[1]: Starting Journal Service...
         Starting Journal Service...
[    5.356607] systemd[1]: Starting Uncomplicated firewall...
         Starting Uncomplicated firewall...
[    5.358826] systemd[1]: Starting Remount Root and Kernel File Systems...
         Starting Remount Root and Kernel File Systems...
[    5.361469] systemd[1]: Mounting Debug File System...
         Mounting Debug File System...
[    5.367797] EXT4-fs (sda1): re-mounted. Opts: (null)
[    5.369495] systemd[1]: Mounting Huge Pages File System...
         Mounting Huge Pages File System...
[    5.374125] systemd[1]: Listening on Device-mapper event daemon FIFOs.
[[0;32m  OK  [0m] Listening on Device-mapper event daemon FIFOs.
[    5.378394] systemd[1]: Starting Monitoring of LVM2 mirrors, snapshots etc. using dmeventd or progress polling...
         Starting Monitoring of LVM2 mirrors... dmeventd or progress polling...
[    5.382103] systemd[1]: Created slice User and Session Slice.
[[0;32m  OK  [0m] Created slice User and Session Slice.
[    5.384343] systemd[1]: Reached target Slices.
[[0;32m  OK  [0m] Reached target Slices.
[    5.389337] systemd[1]: Reached target Swap.
[[0;32m  OK  [0m] Reached target Swap.
[    5.390645] systemd[1]: Listening on udev Kernel Socket.
[[0;32m  OK  [0m] Listening on udev Kernel Socket.
[    5.393098] systemd[1]: Mounted POSIX Message Queue File System.
[[0;32m  OK  [0m] Mounted POSIX Message Queue File System.
[    5.394923] systemd[1]: Mounted Huge Pages File System.
[[0;32m  OK  [0m] Mounted Huge Pages File System.
[    5.396599] systemd[1]: Mounted Debug File System.
[[0;32m  OK  [0m] Mounted Debug File System.
[    5.398297] systemd[1]: Started Journal Service.
[[0;32m  OK  [0m] Started Journal Service.
[[0;32m  OK  [0m] Started Create list of required sta...ce nodes for the current kernel.
[[0;32m  OK  [0m] Started Uncomplicated firewall.
[[0;32m  OK  [0m] Started Remount Root and Kernel File Systems.
[[0;32m  OK  [0m] Started Nameserver information manager.
[[0;32m  OK  [0m] Started LVM2 metadata daemon.
         Starting udev Coldplug all Devices...
         Starting Load/Save Random Seed...
         Starting Create Static Device Nodes in /dev...
         Starting Flush Journal to Persistent Storage...
[[0;32m  OK  [0m] Started Set console keymap.
[[0;32m  OK  [0m] Started Load/Save Random Seed.
[    5.440443] iscsi: registered transport (iser)
[[0;32m  OK  [0m] Started Load Kernel Modules.
[[0;32m  OK  [0m] Started Create Static Device Nodes in /dev.
         Starting udev Kernel Device Manager...
         Starting Apply Kernel Variables...
         Mounting FUSE Control File System...
[    5.482643] systemd-journald[384]: Received request to flush runtime journal from PID 1
[[0;32m  OK  [0m] Mounted FUSE Control File System.
[[0;32m  OK  [0m] Started Flush Journal to Persistent Storage.
[[0;32m  OK  [0m] Started Apply Kernel Variables.
[[0;32m  OK  [0m] Started udev Kernel Device Manager.
[[0;32m  OK  [0m] Started udev Coldplug all Devices.
[[0;32m  OK  [0m] Started Dispatch Password Requests to Console Directory Watch.
[[0;32m  OK  [0m] Found device /dev/ttyS0.
[[0;32m  OK  [0m] Listening on Load/Save RF Kill Switch Status /dev/rfkill Watch.
[[0;32m  OK  [0m] Found device 82540EM Gigabit Ethern...r (PRO/1000 MT Desktop Adapter).
[[0;32m  OK  [0m] Started Monitoring of LVM2 mirrors,...ng dmeventd or progress polling.
[[0;32m  OK  [0m] Reached target Local File Systems (Pre).
[[0;32m  OK  [0m] Reached target Local File Systems.
         Starting Set console font and keymap...
         Starting Initial cloud-init job (pre-networking)...
         Starting Create Volatile Files and Directories...
         Starting LSB: AppArmor initialization...
         Starting Tell Plymouth To Write Out Runtime Data...
[[0;32m  OK  [0m] Started Tell Plymouth To Write Out Runtime Data.
[[0;32m  OK  [0m] Started Create Volatile Files and Directories.
         Starting Update UTMP about System Boot/Shutdown...
[[0;32m  OK  [0m] Started LSB: AppArmor initialization.
[[0;32m  OK  [0m] Started Update UTMP about System Boot/Shutdown.
[[0;32m  OK  [0m] Started Set console font and keymap.
[[0;32m  OK  [0m] Created slice system-getty.slice.
[    6.561335] cloud-init[623]: Cloud-init v. 19.4-33-gbb4131a2-0ubuntu1~16.04.1 running 'init-local' at Wed, 26 Feb 2020 09:53:44 +0000. Up 6.36 seconds.
[[0;32m  OK  [0m] Started Initial cloud-init job (pre-networking).
[[0;32m  OK  [0m] Reached target Network (Pre).
         Starting Raise network interfaces...
[[0;32m  OK  [0m] Started ifup for enp0s3.
[[0;32m  OK  [0m] Started Raise network interfaces.
[[0;32m  OK  [0m] Reached target Network.
         Starting Initial cloud-init job (metadata service crawler)...
[    7.174176] cloud-init[974]: Cloud-init v. 19.4-33-gbb4131a2-0ubuntu1~16.04.1 running 'init' at Wed, 26 Feb 2020 09:53:44 +0000. Up 6.95 seconds.
[    7.176578] cloud-init[974]: ci-info: ++++++++++++++++++++++++++++++++++++++Net device info++++++++++++++++++++++++++++++++++++++
[    7.178931] cloud-init[974]: ci-info: +--------+------+----------------------------+---------------+--------+-------------------+
[    7.181317] cloud-init[974]: ci-info: | Device |  Up  |          Address           |      Mask     | Scope  |     Hw-Address    |
[    7.183388] cloud-init[974]: ci-info: +--------+------+----------------------------+---------------+--------+-------------------+
[    7.185341] cloud-init[974]: ci-info: | enp0s3 | True |         10.0.2.15          | 255.255.255.0 | global | 02:28:e8:e3:81:d2 |
[    7.187277] cloud-init[974]: ci-info: | enp0s3 | True | fe80::28:e8ff:fee3:81d2/64 |       .       |  link  | 02:28:e8:e3:81:d2 |
[    7.188911] cloud-init[974]: ci-info: |   lo   | True |         127.0.0.1          |   255.0.0.0   |  host  |         .         |
[    7.190353] cloud-init[974]: ci-info: |   lo   | True |          ::1/128           |       .       |  host  |         .         |
[    7.191978] cloud-init[974]: ci-info: +--------+------+----------------------------+---------------+--------+-------------------+
[    7.193450] cloud-init[974]: ci-info: +++++++++++++++++++++++++++Route IPv4 info++++++++++++++++++++++++++++
[    7.194503] cloud-init[974]: ci-info: +-------+-------------+----------+---------------+-----------+-------+
[    7.195750] cloud-init[974]: ci-info: | Route | Destination | Gateway  |    Genmask    | Interface | Flags |
[    7.196992] cloud-init[974]: ci-info: +-------+-------------+----------+---------------+-----------+-------+
[    7.198086] cloud-init[974]: ci-info: |   0   |   0.0.0.0   | 10.0.2.2 |    0.0.0.0    |   enp0s3  |   UG  |
[    7.199142] cloud-init[974]: ci-info: |   1   |   10.0.2.0  | 0.0.0.0  | 255.255.255.0 |   enp0s3  |   U   |
[    7.200256] cloud-init[974]: ci-info: +-------+-------------+----------+---------------+-----------+-------+
[    7.201335] cloud-init[974]: ci-info: +++++++++++++++++++Route IPv6 info+++++++++++++++++++
[    7.202273] cloud-init[974]: ci-info: +-------+-------------+---------+-----------+-------+
[    7.203170] cloud-init[974]: ci-info: | Route | Destination | Gateway | Interface | Flags |
[    7.204184] cloud-init[974]: ci-info: +-------+-------------+---------+-----------+-------+
[    7.205069] cloud-init[974]: ci-info: |   0   |  fe80::/64  |    ::   |   enp0s3  |   U   |
[    7.205818] cloud-init[974]: ci-info: |   3   |   ff00::/8  |    ::   |   enp0s3  |   U   |
[    7.206574] cloud-init[974]: ci-info: +-------+-------------+---------+-----------+-------+
[[0;32m  OK  [0m] Started Initial cloud-init job (metadata service crawler).
[[0;32m  OK  [0m] Reached target Network is Online.
         Starting iSCSI initiator daemon (iscsid)...
[[0;32m  OK  [0m] Reached target Cloud-config availability.
[[0;32m  OK  [0m] Reached target System Initialization.
[[0;32m  OK  [0m] Started Daily Cleanup of Temporary Directories.
[[0;32m  OK  [0m] Listening on ACPID Listen Socket.
[[0;32m  OK  [0m] Listening on D-Bus System Message Bus Socket.
[[0;32m  OK  [0m] Started ACPI Events Check.
[[0;32m  OK  [0m] Reached target Paths.
         Starting Socket activation for snappy daemon.
[[0;32m  OK  [0m] Listening on UUID daemon activation socket.
[[0;32m  OK  [0m] Started Message of the Day.
         Starting LXD - unix socket.
[[0;32m  OK  [0m] Started Daily apt download activities.
[[0;32m  OK  [0m] Started Daily apt upgrade and clean activities.
[[0;32m  OK  [0m] Reached target Timers.
[[0;32m  OK  [0m] Listening on Socket activation for snappy daemon.
[[0;32m  OK  [0m] Listening on LXD - unix socket.
[[0;32m  OK  [0m] Reached target Sockets.
[[0;32m  OK  [0m] Reached target Basic System.
[[0;32m  OK  [0m] Started FUSE filesystem for LXC.
         Starting Login Service...
         Starting Snappy daemon...
         Starting LSB: MD monitoring daemon...
[[0;32m  OK  [0m] Started Regular background program processing daemon.
         Starting Virtualbox guest utils...
         Starting System Logging Service...
         Starting LXD - container startup/shutdown...
[[0;32m  OK  [0m] Started D-Bus System Message Bus.
         Starting OpenBSD Secure Shell server...
         Starting LSB: Record successful boot for GRUB...
         Starting /etc/rc.local Compatibility...
[[0;32m  OK  [0m] Started ACPI event daemon.
         Starting Accounts Service...
[[0;32m  OK  [0m] Started Deferred execution scheduler.
[[0;32m  OK  [0m] Started System Logging Service.
[[0;32m  OK  [0m] Started iSCSI initiator daemon (iscsid).
[[0;32m  OK  [0m] Started /etc/rc.local Compatibility.
[[0;32m  OK  [0m] Started Login Service.
[[0;32m  OK  [0m] Started Unattended Upgrades Shutdown.
         Starting Login to default iSCSI targets...
[[0;32m  OK  [0m] Started LSB: MD monitoring daemon.
[[0;32m  OK  [0m] Started Login to default iSCSI targets.
[[0;32m  OK  [0m] Reached target Remote File Systems (Pre).
[[0;32m  OK  [0m] Reached target Remote File Systems.
         Starting LSB: Set the CPU Frequency Scaling governor to "ondemand"...
         Starting Permit User Sessions...
         Starting LSB: daemon to balance interrupts for SMP systems...
         Starting LSB: Apache2 web server...
         Starting LSB: automatic crash report generation...
[[0;32m  OK  [0m] Started LSB: Record successful boot for GRUB.
[[0;32m  OK  [0m] Started Permit User Sessions.
         Starting Hold until boot process finishes up...
         Starting Terminate Plymouth Boot Screen...
[[0;32m  OK  [0m] Started Hold until boot process finishes up.
         Starting Set console scheme...
[[0;32m  OK  [0m] Started Getty on tty1.
[[0;32m  OK  [0m] Started Serial Getty on ttyS0.
[[0;32m  OK  [0m] Reached target Login Prompts.
[[0;32m  OK  [0m] Started OpenBSD Secure Shell server.
[[0;32m  OK  [0m] Started Terminate Plymouth Boot Screen.
[[0;32m  OK  [0m] Started Set console scheme.
[[0;32m  OK  [0m] Started LSB: Set the CPU Frequency Scaling governor to "ondemand".
         Starting Authenticate and Authorize Users to Run Privileged Tasks...
[[0;32m  OK  [0m] Started LSB: daemon to balance interrupts for SMP systems.
[[0;32m  OK  [0m] Started LSB: automatic crash report generation.
[[0;32m  OK  [0m] Started Authenticate and Authorize Users to Run Privileged Tasks.
[[0;32m  OK  [0m] Started Accounts Service.
[[0;32m  OK  [0m] Started Virtualbox guest utils.
[[0;32m  OK  [0m] Started LXD - container startup/shutdown.
[[0;32m  OK  [0m] Started Snappy daemon.
         Starting Wait until snapd is fully seeded...
[[0;32m  OK  [0m] Started LSB: Apache2 web server.
[[0;32m  OK  [0m] Started Wait until snapd is fully seeded.
         Starting Apply the settings specified in cloud-config...
[[0;32m  OK  [0m] Reached target Multi-User System.
[[0;32m  OK  [0m] Reached target Graphical Interface.
         Starting Update UTMP about System Runlevel Changes...
[[0;32m  OK  [0m] Started Update UTMP about System Runlevel Changes.
[    7.995062] cloud-init[1315]: Cloud-init v. 19.4-33-gbb4131a2-0ubuntu1~16.04.1 running 'modules:config' at Wed, 26 Feb 2020 09:53:45 +0000. Up 7.93 seconds.
[[0;32m  OK  [0m] Started Apply the settings specified in cloud-config.
         Starting Execute cloud user/final scripts...
[    8.324006] cloud-init[1328]: Cloud-init v. 19.4-33-gbb4131a2-0ubuntu1~16.04.1 running 'modules:final' at Wed, 26 Feb 2020 09:53:46 +0000. Up 8.25 seconds.
[    8.325389] cloud-init[1328]: Cloud-init v. 19.4-33-gbb4131a2-0ubuntu1~16.04.1 finished at Wed, 26 Feb 2020 09:53:46 +0000. Datasource DataSourceNoCloud [seed=/dev/sdb][dsmode=net].  Up 8.32 seconds
[[0;32m  OK  [0m] Started Execute cloud user/final scripts.
[[0;32m  OK  [0m] Reached target Cloud-init target.

Ubuntu 16.04.6 LTS ubuntu-xenial ttyS0

ubuntu-xenial login: 