[    0.000000] Initializing cgroup subsys cpuset
[    0.000000] Initializing cgroup subsys cpu
[    0.000000] Initializing cgroup subsys cpuacct
[    0.000000] Linux version 4.4.0-174-generic (buildd@lcy01-amd64-027) (gcc version 5.4.0 20160609 (Ubuntu 5.4.0-6ubuntu1~16.04.12) ) #204-Ubuntu SMP Wed Jan 29 06:41:01 UTC 2020 (Ubuntu 4.4.0-174.204-generic 4.4.211)
[    0.000000] Command line: BOOT_IMAGE=/boot/vmlinuz-4.4.0-174-generic root=LABEL=cloudimg-rootfs ro console=tty1 console=ttyS0
[    0.000000] KERNEL supported cpus:
[    0.000000]   Intel GenuineIntel
[    0.000000]   AMD AuthenticAMD
[    0.000000]   Centaur CentaurHauls
[    0.000000] x86/fpu: xstate_offset[2]:  576, xstate_sizes[2]:  256
[    0.000000] x86/fpu: Supporting XSAVE feature 0x01: 'x87 floating point registers'
[    0.000000] x86/fpu: Supporting XSAVE feature 0x02: 'SSE registers'
[    0.000000] x86/fpu: Supporting XSAVE feature 0x04: 'AVX registers'
[    0.000000] x86/fpu: Enabled xstate features 0x7, context size is 832 bytes, using 'standard' format.
[    0.000000] e820: BIOS-provided physical RAM map:
[    0.000000] BIOS-e820: [mem 0x0000000000000000-0x000000000009fbff] usable
[    0.000000] BIOS-e820: [mem 0x000000000009fc00-0x000000000009ffff] reserved
[    0.000000] BIOS-e820: [mem 0x00000000000f0000-0x00000000000fffff] reserved
[    0.000000] BIOS-e820: [mem 0x0000000000100000-0x000000002cfeffff] usable
[    0.000000] BIOS-e820: [mem 0x000000002cff0000-0x000000002cffffff] ACPI data
[    0.000000] BIOS-e820: [mem 0x00000000fec00000-0x00000000fec00fff] reserved
[    0.000000] BIOS-e820: [mem 0x00000000fee00000-0x00000000fee00fff] reserved
[    0.000000] BIOS-e820: [mem 0x00000000fffc0000-0x00000000ffffffff] reserved
[    0.000000] NX (Execute Disable) protection: active
[    0.000000] SMBIOS 2.5 present.
[    0.000000] Hypervisor detected: KVM
[    0.000000] e820: last_pfn = 0x2cff0 max_arch_pfn = 0x400000000
[    0.000000] MTRR: Disabled
[    0.000000] x86/PAT: MTRRs disabled, skipping PAT initialization too.
[    0.000000] CPU MTRRs all blank - virtualized system.
[    0.000000] x86/PAT: Configuration [0-7]: WB  WT  UC- UC  WB  WT  UC- UC  
[    0.000000] found SMP MP-table at [mem 0x0009fff0-0x0009ffff] mapped at [ffff88000009fff0]
[    0.000000] Scanning 1 areas for low memory corruption
[    0.000000] RAMDISK: [mem 0x2b95f000-0x2c7e5fff]
[    0.000000] ACPI: Early table checksum verification disabled
[    0.000000] ACPI: RSDP 0x00000000000E0000 000024 (v02 VBOX  )
[    0.000000] ACPI: XSDT 0x000000002CFF0030 00003C (v01 VBOX   VBOXXSDT 00000001 ASL  00000061)
[    0.000000] ACPI: FACP 0x000000002CFF00F0 0000F4 (v04 VBOX   VBOXFACP 00000001 ASL  00000061)
[    0.000000] ACPI: DSDT 0x000000002CFF0470 0022EA (v02 VBOX   VBOXBIOS 00000002 INTL 20190509)
[    0.000000] ACPI: FACS 0x000000002CFF0200 000040
[    0.000000] ACPI: FACS 0x000000002CFF0200 000040
[    0.000000] ACPI: APIC 0x000000002CFF0240 000054 (v02 VBOX   VBOXAPIC 00000001 ASL  00000061)
[    0.000000] ACPI: SSDT 0x000000002CFF02A0 0001CC (v01 VBOX   VBOXCPUT 00000002 INTL 20190509)
[    0.000000] No NUMA configuration found
[    0.000000] Faking a node at [mem 0x0000000000000000-0x000000002cfeffff]
[    0.000000] NODE_DATA(0) allocated [mem 0x2cfeb000-0x2cfeffff]
[    0.000000] kvm-clock: Using msrs 4b564d01 and 4b564d00
[    0.000000] kvm-clock: cpu 0, msr 0:2cfe3001, primary cpu clock
[    0.000000] kvm-clock: using sched offset of 4148850450 cycles
[    0.000000] clocksource: kvm-clock: mask: 0xffffffffffffffff max_cycles: 0x1cd42e4dffb, max_idle_ns: 881590591483 ns
[    0.000000] Zone ranges:
[    0.000000]   DMA      [mem 0x0000000000001000-0x0000000000ffffff]
[    0.000000]   DMA32    [mem 0x0000000001000000-0x000000002cfeffff]
[    0.000000]   Normal   empty
[    0.000000]   Device   empty
[    0.000000] Movable zone start for each node
[    0.000000] Early memory node ranges
[    0.000000]   node   0: [mem 0x0000000000001000-0x000000000009efff]
[    0.000000]   node   0: [mem 0x0000000000100000-0x000000002cfeffff]
[    0.000000] Initmem setup node 0 [mem 0x0000000000001000-0x000000002cfeffff]
[    0.000000] ACPI: PM-Timer IO Port: 0x4008
[    0.000000] IOAPIC[0]: apic_id 1, version 32, address 0xfec00000, GSI 0-23
[    0.000000] ACPI: INT_SRC_OVR (bus 0 bus_irq 0 global_irq 2 dfl dfl)
[    0.000000] ACPI: INT_SRC_OVR (bus 0 bus_irq 9 global_irq 9 low level)
[    0.000000] Using ACPI (MADT) for SMP configuration information
[    0.000000] smpboot: Allowing 1 CPUs, 0 hotplug CPUs
[    0.000000] PM: Registered nosave memory: [mem 0x00000000-0x00000fff]
[    0.000000] PM: Registered nosave memory: [mem 0x0009f000-0x0009ffff]
[    0.000000] PM: Registered nosave memory: [mem 0x000a0000-0x000effff]
[    0.000000] PM: Registered nosave memory: [mem 0x000f0000-0x000fffff]
[    0.000000] e820: [mem 0x2d000000-0xfebfffff] available for PCI devices
[    0.000000] Booting paravirtualized kernel on KVM
[    0.000000] clocksource: refined-jiffies: mask: 0xffffffff max_cycles: 0xffffffff, max_idle_ns: 7645519600211568 ns
[    0.000000] setup_percpu: NR_CPUS:512 nr_cpumask_bits:512 nr_cpu_ids:1 nr_node_ids:1
[    0.000000] PERCPU: Embedded 33 pages/cpu @ffff88002cc00000 s95448 r8192 d31528 u2097152
[    0.000000] Built 1 zonelists in Node order, mobility grouping on.  Total pages: 181304
[    0.000000] Policy zone: DMA32
[    0.000000] Kernel command line: BOOT_IMAGE=/boot/vmlinuz-4.4.0-174-generic root=LABEL=cloudimg-rootfs ro console=tty1 console=ttyS0
[    0.000000] PID hash table entries: 4096 (order: 3, 32768 bytes)
[    0.000000] Memory: 690608K/736824K available (8626K kernel code, 1336K rwdata, 4032K rodata, 1488K init, 1292K bss, 46216K reserved, 0K cma-reserved)
[    0.000000] SLUB: HWalign=64, Order=0-3, MinObjects=0, CPUs=1, Nodes=1
[    0.000000] Kernel/User page tables isolation: enabled
[    0.000000] Hierarchical RCU implementation.
[    0.000000] 	Build-time adjustment of leaf fanout to 64.
[    0.000000] 	RCU restricting CPUs from NR_CPUS=512 to nr_cpu_ids=1.
[    0.000000] RCU: Adjusting geometry for rcu_fanout_leaf=64, nr_cpu_ids=1
[    0.000000] NR_IRQS:33024 nr_irqs:256 16
[    0.000000] Console: colour VGA+ 80x25
[    0.000000] console [tty1] enabled
[    0.000000] console [ttyS0] enabled
[    0.000000] tsc: Detected 1991.998 MHz processor
[    0.153950] Calibrating delay loop (skipped) preset value.. 3983.99 BogoMIPS (lpj=7967992)
[    0.155150] pid_max: default: 32768 minimum: 301
[    0.155798] ACPI: Core revision 20150930
[    0.157079] ACPI: 2 ACPI AML tables successfully acquired and loaded
[    0.209038] Security Framework initialized
[    0.212159] Yama: becoming mindful.
[    0.214898] AppArmor: AppArmor initialized
[    0.218091] Dentry cache hash table entries: 131072 (order: 8, 1048576 bytes)
[    0.223272] Inode-cache hash table entries: 65536 (order: 7, 524288 bytes)
[    0.228058] Mount-cache hash table entries: 2048 (order: 2, 16384 bytes)
[    0.232468] Mountpoint-cache hash table entries: 2048 (order: 2, 16384 bytes)
[    0.237752] Initializing cgroup subsys io
[    0.239484] Initializing cgroup subsys memory
[    0.241018] Initializing cgroup subsys devices
[    0.242615] Initializing cgroup subsys freezer
[    0.244063] Initializing cgroup subsys net_cls
[    0.245302] Initializing cgroup subsys perf_event
[    0.246645] Initializing cgroup subsys net_prio
[    0.247900] Initializing cgroup subsys hugetlb
[    0.249053] Initializing cgroup subsys pids
[    0.251480] mce: CPU supports 0 MCE banks
[    0.252462] process: using mwait in idle threads
[    0.253528] Last level iTLB entries: 4KB 64, 2MB 8, 4MB 8
[    0.254595] Last level dTLB entries: 4KB 64, 2MB 0, 4MB 0, 1GB 4
[    0.255456] Spectre V1 : Mitigation: usercopy/swapgs barriers and __user pointer sanitization
[    0.256746] Spectre V2 : Mitigation: Full generic retpoline
[    0.258735] Spectre V2 : Spectre v2 / SpectreRSB mitigation: Filling RSB on context switch
[    0.261082] Speculative Store Bypass: Vulnerable
[    0.262028] MDS: Mitigation: Clear CPU buffers
[    0.320308] Freeing SMP alternatives memory: 36K
[    0.326049] ftrace: allocating 32305 entries in 127 pages
[    0.410950] smpboot: APIC(0) Converting physical 0 to logical package 0
[    0.412224] smpboot: Max logical packages: 1
[    0.413190] x2apic enabled
[    0.413952] Switched APIC routing to physical x2apic.
[    0.415869] ..TIMER: vector=0x30 apic1=0 pin1=2 apic2=-1 pin2=-1
[    0.524899] APIC calibration not consistent with PM-Timer: 98ms instead of 100ms
[    0.527609] APIC delta adjusted to PM-Timer: 6228693 (6142612)
[    0.529576] smpboot: CPU0: Intel(R) Core(TM) i7-8550U CPU @ 1.80GHz (family: 0x6, model: 0x8e, stepping: 0xa)
[    0.532985] Performance Events: unsupported p6 CPU model 142 no PMU driver, software events only.
[    0.551254] KVM setup paravirtual spinlock
[    0.552843] x86: Booted up 1 node, 1 CPUs
[    0.553669] smpboot: Total of 1 processors activated (3983.99 BogoMIPS)
[    0.554902] devtmpfs: initialized
[    0.557059] evm: security.selinux
[    0.557734] evm: security.SMACK64
[    0.558349] evm: security.SMACK64EXEC
[    0.558967] evm: security.SMACK64TRANSMUTE
[    0.559600] evm: security.SMACK64MMAP
[    0.560186] evm: security.ima
[    0.560696] evm: security.capability
[    0.561360] clocksource: jiffies: mask: 0xffffffff max_cycles: 0xffffffff, max_idle_ns: 7645041785100000 ns
[    0.562841] futex hash table entries: 256 (order: 2, 16384 bytes)
[    0.563758] pinctrl core: initialized pinctrl subsystem
[    0.564635] RTC time:  7:43:13, date: 02/26/20
[    0.565451] NET: Registered protocol family 16
[    0.566297] cpuidle: using governor ladder
[    0.566938] cpuidle: using governor menu
[    0.567553] PCCT header not found.
[    0.568147] ACPI: bus type PCI registered
[    0.568776] acpiphp: ACPI Hot Plug PCI Controller Driver version: 0.5
[    0.569746] PCI: Using configuration type 1 for base access
[    0.571419] ACPI: Added _OSI(Module Device)
[    0.572213] ACPI: Added _OSI(Processor Device)
[    0.572910] ACPI: Added _OSI(3.0 _SCP Extensions)
[    0.617178] ACPI: Added _OSI(Processor Aggregator Device)
[    0.619383] ACPI: Executed 1 blocks of module-level executable AML code
[    0.624078] ACPI: Interpreter enabled
[    0.625258] ACPI: (supports S0 S5)
[    0.626372] ACPI: Using IOAPIC for interrupt routing
[    0.628006] PCI: Using host bridge windows from ACPI; if necessary, use "pci=nocrs" and report a bug
[    0.635364] ACPI: PCI Root Bridge [PCI0] (domain 0000 [bus 00-ff])
[    0.637063] acpi PNP0A03:00: _OSC: OS supports [ASPM ClockPM Segments MSI]
[    0.639387] acpi PNP0A03:00: _OSC: not requesting OS control; OS requires [ExtendedConfig ASPM ClockPM MSI]
[    0.642130] acpi PNP0A03:00: fail to add MMCONFIG information, can't access extended PCI configuration space under this bridge.
[    0.645352] PCI host bridge to bus 0000:00
[    0.646374] pci_bus 0000:00: root bus resource [io  0x0000-0x0cf7 window]
[    0.647868] pci_bus 0000:00: root bus resource [io  0x0d00-0xffff window]
[    0.649262] pci_bus 0000:00: root bus resource [mem 0x000a0000-0x000bffff window]
[    0.650864] pci_bus 0000:00: root bus resource [mem 0x2d000000-0xfdffffff window]
[    0.652443] pci_bus 0000:00: root bus resource [bus 00-ff]
[    0.655123] pci 0000:00:01.1: legacy IDE quirk: reg 0x10: [io  0x01f0-0x01f7]
[    0.656278] pci 0000:00:01.1: legacy IDE quirk: reg 0x14: [io  0x03f6]
[    0.664614] pci 0000:00:01.1: legacy IDE quirk: reg 0x18: [io  0x0170-0x0177]
[    0.665610] pci 0000:00:01.1: legacy IDE quirk: reg 0x1c: [io  0x0376]
[    0.674197] pci 0000:00:07.0: quirk: [io  0x4000-0x403f] claimed by PIIX4 ACPI
[    0.675378] pci 0000:00:07.0: quirk: [io  0x4100-0x410f] claimed by PIIX4 SMB
[    0.726070] ACPI: PCI Interrupt Link [LNKA] (IRQs 5 9 10 *11)
[    0.730038] ACPI: PCI Interrupt Link [LNKB] (IRQs 5 9 *10 11)
[    0.732315] ACPI: PCI Interrupt Link [LNKC] (IRQs 5 *9 10 11)
[    0.734542] ACPI: PCI Interrupt Link [LNKD] (IRQs 5 9 10 *11)
[    0.736809] ACPI: Enabled 2 GPEs in block 00 to 07
[    0.738749] vgaarb: setting as boot device: PCI:0000:00:02.0
[    0.740323] vgaarb: device added: PCI:0000:00:02.0,decodes=io+mem,owns=io+mem,locks=none
[    0.742744] vgaarb: loaded
[    0.743671] vgaarb: bridge control possible 0000:00:02.0
[    0.745169] SCSI subsystem initialized
[    0.746239] ACPI: bus type USB registered
[    0.747276] usbcore: registered new interface driver usbfs
[    0.748570] usbcore: registered new interface driver hub
[    0.751003] usbcore: registered new device driver usb
[    0.752947] PCI: Using ACPI for IRQ routing
[    0.754078] NetLabel: Initializing
[    0.754744] NetLabel:  domain hash size = 128
[    0.755531] NetLabel:  protocols = UNLABELED CIPSOv4
[    0.756410] NetLabel:  unlabeled traffic allowed by default
[    0.757445] amd_nb: Cannot enumerate AMD northbridges
[    0.758351] clocksource: Switched to clocksource kvm-clock
[    0.763866] AppArmor: AppArmor Filesystem Enabled
[    0.764687] pnp: PnP ACPI init
[    0.765785] pnp: PnP ACPI: found 3 devices
[    0.772223] clocksource: acpi_pm: mask: 0xffffff max_cycles: 0xffffff, max_idle_ns: 2085701024 ns
[    0.773582] NET: Registered protocol family 2
[    0.774468] TCP established hash table entries: 8192 (order: 4, 65536 bytes)
[    0.775442] TCP bind hash table entries: 8192 (order: 5, 131072 bytes)
[    0.776351] TCP: Hash tables configured (established 8192 bind 8192)
[    0.777247] UDP hash table entries: 512 (order: 2, 16384 bytes)
[    0.778136] UDP-Lite hash table entries: 512 (order: 2, 16384 bytes)
[    0.823762] NET: Registered protocol family 1
[    0.826996] pci 0000:00:00.0: Limiting direct PCI/PCI transfers
[    0.831142] pci 0000:00:01.0: Activating ISA DMA hang workarounds
[    0.837901] Unpacking initramfs...
[    1.253305] Freeing initrd memory: 14876K
[    1.254775] clocksource: tsc: mask: 0xffffffffffffffff max_cycles: 0x396d4e5fc9d, max_idle_ns: 881590756024 ns
[    1.257456] platform rtc_cmos: registered platform RTC device (no PNP device found)
[    1.259761] Scanning for low memory corruption every 60 seconds
[    1.261636] audit: initializing netlink subsys (disabled)
[    1.263135] audit: type=2000 audit(1582702999.428:1): initialized
[    1.264847] Initialise system trusted keyring
[    1.267357] HugeTLB registered 2 MB page size, pre-allocated 0 pages
[    1.270221] zbud: loaded
[    1.271701] VFS: Disk quotas dquot_6.6.0
[    1.272546] VFS: Dquot-cache hash table entries: 512 (order 0, 4096 bytes)
[    1.273961] squashfs: version 4.0 (2009/01/31) Phillip Lougher
[    1.275115] fuse init (API version 7.23)
[    1.275926] Key type big_key registered
[    1.276642] Allocating IMA MOK and blacklist keyrings.
[    1.277660] Key type asymmetric registered
[    1.278397] Asymmetric key parser 'x509' registered
[    1.279263] Block layer SCSI generic (bsg) driver version 0.4 loaded (major 249)
[    1.280585] io scheduler noop registered
[    1.281237] io scheduler deadline registered (default)
[    1.282082] io scheduler cfq registered
[    1.282824] pci_hotplug: PCI Hot Plug PCI Core version: 0.5
[    1.283675] pciehp: PCI Express Hot Plug Controller Driver version: 0.4
[    1.284739] ACPI: AC Adapter [AC] (on-line)
[    1.285487] input: Power Button as /devices/LNXSYSTM:00/LNXPWRBN:00/input/input0
[    1.286657] ACPI: Power Button [PWRF]
[    1.287336] input: Sleep Button as /devices/LNXSYSTM:00/LNXSLPBN:00/input/input1
[    1.288497] ACPI: Sleep Button [SLPF]
[    1.289575] ACPI: Battery Slot [BAT0] (battery present)
[    1.290357] GHES: HEST is not enabled!
[    1.291025] Serial: 8250/16550 driver, 32 ports, IRQ sharing enabled
[    1.347535] 00:02: ttyS0 at I/O 0x3f8 (irq = 4, base_baud = 115200) is a 16550A
[    1.355017] Linux agpgart interface v0.103
[    1.356713] loop: module loaded
[    1.357854] scsi host0: ata_piix
[    1.358632] scsi host1: ata_piix
[    1.359366] ata1: PATA max UDMA/33 cmd 0x1f0 ctl 0x3f6 bmdma 0xd000 irq 14
[    1.360619] ata2: PATA max UDMA/33 cmd 0x170 ctl 0x376 bmdma 0xd008 irq 15
[    1.362440] libphy: Fixed MDIO Bus: probed
[    1.363223] tun: Universal TUN/TAP device driver, 1.6
[    1.364151] tun: (C) 1999-2004 Max Krasnyansky <maxk@qualcomm.com>
[    1.365273] PPP generic driver version 2.4.2
[    1.366204] ehci_hcd: USB 2.0 'Enhanced' Host Controller (EHCI) Driver
[    1.367390] ehci-pci: EHCI PCI platform driver
[    1.368288] ehci-platform: EHCI generic platform driver
[    1.369323] ohci_hcd: USB 1.1 'Open' Host Controller (OHCI) Driver
[    1.370320] ohci-pci: OHCI PCI platform driver
[    1.371087] ohci-platform: OHCI generic platform driver
[    1.371894] uhci_hcd: USB Universal Host Controller Interface driver
[    1.372874] i8042: PNP: PS/2 Controller [PNP0303:PS2K,PNP0f03:PS2M] at 0x60,0x64 irq 1,12
[    1.374509] serio: i8042 KBD port at 0x60,0x64 irq 1
[    1.375264] serio: i8042 AUX port at 0x60,0x64 irq 12
[    1.376071] mousedev: PS/2 mouse device common for all mice
[    1.377052] input: AT Translated Set 2 keyboard as /devices/platform/i8042/serio0/input/input2
[    1.378615] rtc_cmos rtc_cmos: rtc core: registered rtc_cmos as rtc0
[    1.379549] rtc_cmos rtc_cmos: alarms up to one day, 114 bytes nvram
[    1.380438] i2c /dev entries driver
[    1.381051] device-mapper: uevent: version 1.0.3
[    1.381824] device-mapper: ioctl: 4.34.0-ioctl (2015-10-28) initialised: dm-devel@redhat.com
[    1.383233] ledtrig-cpu: registered to indicate activity on CPUs
[    1.384321] NET: Registered protocol family 10
[    1.385117] NET: Registered protocol family 17
[    1.385812] Key type dns_resolver registered
[    1.386621] registered taskstats version 1
[    1.387334] Loading compiled-in X.509 certificates
[    1.388473] Loaded X.509 cert 'Build time autogenerated kernel key: 2501974cc66248a18f8fa54aaac948a5171f77fb'
[    1.389907] zswap: loaded using pool lzo/zbud
[    1.391609] Key type trusted registered
[    1.393989] Key type encrypted registered
[    1.394707] AppArmor: AppArmor sha1 policy hashing enabled
[    1.395484] ima: No TPM chip found, activating TPM-bypass!
[    1.396249] ima: Allocated hash algorithm: sha1
[    1.396960] evm: HMAC attrs: 0x1
[    1.397701]   Magic number: 8:354:724
[    1.398286] block loop4: hash matches
[    1.442205] rtc_cmos rtc_cmos: setting system clock to 2020-02-26 07:43:14 UTC (1582702994)
[    1.444483] BIOS EDD facility v0.16 2004-Jun-25, 0 devices found
[    1.446063] EDD information not available.
[    1.518115] Freeing unused kernel memory: 1488K
[    1.521544] Write protecting the kernel read-only data: 14336k
[    1.526670] Freeing unused kernel memory: 1604K
[    1.530346] Freeing unused kernel memory: 64K
Loading, please wait...
starting version 229
[    1.561419] random: udevadm: uninitialized urandom read (16 bytes read, 3 bits of entropy available)
[    1.564464] random: systemd-udevd: uninitialized urandom read (16 bytes read, 3 bits of entropy available)
[    1.566695] random: systemd-udevd: uninitialized urandom read (16 bytes read, 3 bits of entropy available)
[    1.568873] random: systemd-udevd: uninitialized urandom read (16 bytes read, 3 bits of entropy available)
[    1.570717] random: systemd-udevd: uninitialized urandom read (16 bytes read, 3 bits of entropy available)
[    1.572663] random: udevadm: uninitialized urandom read (16 bytes read, 3 bits of entropy available)
[    1.580247] random: systemd-udevd: uninitialized urandom read (16 bytes read, 3 bits of entropy available)
[    1.582555] random: systemd-udevd: uninitialized urandom read (16 bytes read, 3 bits of entropy available)
[    1.584032] random: systemd-udevd: uninitialized urandom read (16 bytes read, 3 bits of entropy available)
[    1.585675] random: systemd-udevd: uninitialized urandom read (16 bytes read, 3 bits of entropy available)
[    1.688884] e1000: Intel(R) PRO/1000 Network Driver - version 7.3.21-k8-NAPI
[    1.690068] e1000: Copyright (c) 1999-2006 Intel Corporation.
[    1.692925] Fusion MPT base driver 3.04.20
[    1.693612] Copyright (c) 1999-2008 LSI Corporation
[    1.698033] Fusion MPT SPI Host driver 3.04.20
[    1.769660] mptbase: ioc0: Initiating bringup
[    1.778886] AVX2 version of gcm_enc/dec engaged.
[    1.779760] AES CTR mode by8 optimization enabled
[    1.834913] ioc0: LSI53C1030 A0: Capabilities={Initiator}
[    1.992758] input: ImExPS/2 Generic Explorer Mouse as /devices/platform/i8042/serio1/input/input4
[    2.005930] scsi host2: ioc0: LSI53C1030 A0, FwRev=00000000h, Ports=1, MaxQ=256, IRQ=20
[    2.126844] scsi 2:0:0:0: Direct-Access     VBOX     HARDDISK         1.0  PQ: 0 ANSI: 5
[    2.133219] scsi target2:0:0: Beginning Domain Validation
[    2.141922] scsi target2:0:0: Domain Validation skipping write tests
[    2.146411] scsi target2:0:0: Ending Domain Validation
[    2.150276] scsi target2:0:0: asynchronous
[    2.177644] scsi 2:0:1:0: Direct-Access     VBOX     HARDDISK         1.0  PQ: 0 ANSI: 5
[    2.179493] scsi target2:0:1: Beginning Domain Validation
[    2.277761] scsi target2:0:1: Domain Validation skipping write tests
[    2.280035] scsi target2:0:1: Ending Domain Validation
[    2.291287] scsi target2:0:1: asynchronous
[    2.571034] sd 2:0:0:0: Attached scsi generic sg0 type 0
[    2.573164] sd 2:0:0:0: [sda] 20971520 512-byte logical blocks: (10.7 GB/10.0 GiB)
[    2.576303] sd 2:0:1:0: Attached scsi generic sg1 type 0
[    2.578272] sd 2:0:1:0: [sdb] 20480 512-byte logical blocks: (10.5 MB/10.0 MiB)
[    2.581473] sd 2:0:1:0: [sdb] Write Protect is off
[    2.583291] sd 2:0:0:0: [sda] Write Protect is off
[    2.585274] sd 2:0:0:0: [sda] Incomplete mode parameter data
[    2.587311] sd 2:0:0:0: [sda] Assuming drive cache: write through
[    2.589451] sd 2:0:1:0: [sdb] Incomplete mode parameter data
[    2.591482] sd 2:0:1:0: [sdb] Assuming drive cache: write through
[    2.607954]  sda: sda1
[    2.617208] sd 2:0:0:0: [sda] Attached SCSI disk
[    2.672433] sd 2:0:1:0: [sdb] Attached SCSI disk
[    2.746161] e1000 0000:00:03.0 eth0: (PCI:33MHz:32-bit) 02:28:e8:e3:81:d2
[    2.747526] e1000 0000:00:03.0 eth0: Intel(R) PRO/1000 Network Connection
[    2.776848] e1000 0000:00:03.0 enp0s3: renamed from eth0
Begin: Loading essential drivers ... [    4.193271] md: linear personality registered for level -1
[    4.196839] md: multipath personality registered for level -4
[    4.200176] md: raid0 personality registered for level 0
[    4.204064] md: raid1 personality registered for level 1
[    4.274694] raid6: sse2x1   gen()  4066 MB/s
[    4.380155] raid6: sse2x1   xor()  7664 MB/s
[    4.485018] raid6: sse2x2   gen() 12433 MB/s
[    4.589176] raid6: sse2x2   xor()  8508 MB/s
[    4.695189] raid6: sse2x4   gen() 17204 MB/s
[    4.799814] raid6: sse2x4   xor()  8415 MB/s
[    4.902304] raid6: avx2x1   gen() 16743 MB/s
[    5.005751] raid6: avx2x2   gen() 16703 MB/s
[    5.109802] raid6: avx2x4   gen() 23242 MB/s
[    5.110961] raid6: using algorithm avx2x4 gen() 23242 MB/s
[    5.112166] raid6: using avx2x2 recovery algorithm
[    5.115313] xor: automatically using best checksumming function:
[    5.242400]    avx       : 64644.000 MB/sec
[    5.245726] async_tx: api initialized (async)
[    5.258427] md: raid6 personality registered for level 6
[    5.259306] md: raid5 personality registered for level 5
[    5.260105] md: raid4 personality registered for level 4
[    5.265457] md: raid10 personality registered for level 10
done.
Begin: Running /scripts/init-premount ... done.
Begin: Mounting root file system ... Begin: Running /scripts/local-top ... done.
Begin: Running /scripts/local-premount ... [    5.346054] Btrfs loaded
Scanning for Btrfs filesystems
done.
Warning: fsck not present, so skipping root file system
[    5.375981] EXT4-fs (sda1): mounted filesystem with ordered data mode. Opts: (null)
done.
Begin: Running /scripts/local-bottom ... done.
Begin: Running /scripts/init-bottom ... done.
[    5.609152] systemd[1]: systemd 229 running in system mode. (+PAM +AUDIT +SELINUX +IMA +APPARMOR +SMACK +SYSVINIT +UTMP +LIBCRYPTSETUP +GCRYPT +GNUTLS +ACL +XZ -LZ4 +SECCOMP +BLKID +ELFUTILS +KMOD -IDN)
[    5.612763] systemd[1]: Detected virtualization oracle.
[    5.613956] systemd[1]: Detected architecture x86-64.

Welcome to [1mUbuntu 16.04.6 LTS[0m!

[    5.617325] systemd[1]: Set hostname to <ubuntu>.
[    5.620201] systemd[1]: Initializing machine ID from random generator.
[    5.621688] systemd[1]: Installed transient /etc/machine-id file.
[    5.719571] systemd[1]: Listening on LVM2 metadata daemon socket.
[[0;32m  OK  [0m] Listening on LVM2 metadata daemon socket.
[    5.721276] systemd[1]: Listening on udev Kernel Socket.
[[0;32m  OK  [0m] Listening on udev Kernel Socket.
[    5.738918] systemd[1]: Listening on udev Control Socket.
[[0;32m  OK  [0m] Listening on udev Control Socket.
[    5.746476] systemd[1]: Listening on LVM2 poll daemon socket.
[[0;32m  OK  [0m] Listening on LVM2 poll daemon socket.
[    5.754181] systemd[1]: Listening on Journal Socket (/dev/log).
[[0;32m  OK  [0m] Listening on Journal Socket (/dev/log).
[    5.760803] systemd[1]: Started Trigger resolvconf update for networkd DNS.
[[0;32m  OK  [0m] Started Trigger resolvconf update for networkd DNS.
[    5.765767] systemd[1]: Reached target User and Group Name Lookups.
[[0;32m  OK  [0m] Reached target User and Group Name Lookups.
[    5.769782] systemd[1]: Created slice User and Session Slice.
[[0;32m  OK  [0m] Created slice User and Session Slice.
[    5.772752] systemd[1]: Reached target System Time Synchronized.
[[0;32m  OK  [0m] Reached target System Time Synchronized.
[    5.775605] systemd[1]: Created slice System Slice.
[[0;32m  OK  [0m] Created slice System Slice.
[    5.777953] systemd[1]: Set up automount Arbitrary Executable File Formats File System Automount Point.
[[0;32m  OK  [0m] Set up automount Arbitrary Executab...ats File System Automount Point.
[    5.781273] systemd[1]: Listening on Syslog Socket.
[[0;32m  OK  [0m] Listening on Syslog Socket.
[    5.783126] systemd[1]: Reached target Encrypted Volumes.
[[0;32m  OK  [0m] Reached target Encrypted Volumes.
[    5.784655] systemd[1]: Listening on Journal Audit Socket.
[[0;32m  OK  [0m] Listening on Journal Audit Socket.
[    5.786434] systemd[1]: Started Forward Password Requests to Wall Directory Watch.
[[0;32m  OK  [0m] Started Forward Password Requests to Wall Directory Watch.
[    5.788784] systemd[1]: Reached target Swap.
[[0;32m  OK  [0m] Reached target Swap.
[    5.794821] systemd[1]: Listening on Device-mapper event daemon FIFOs.
[[0;32m  OK  [0m] Listening on Device-mapper event daemon FIFOs.
[    5.796870] systemd[1]: Created slice system-serial\x2dgetty.slice.
[[0;32m  OK  [0m] Created slice system-serial\x2dgetty.slice.
[    5.798410] systemd[1]: Listening on Journal Socket.
[[0;32m  OK  [0m] Listening on Journal Socket.
[    5.807292] systemd[1]: Starting Monitoring of LVM2 mirrors, snapshots etc. using dmeventd or progress polling...
         Starting Monitoring of LVM2 mirrors... dmeventd or progress polling...
[    5.843438] systemd[1]: Starting Journal Service...
         Starting Journal Service...
[    5.847913] systemd[1]: Mounting POSIX Message Queue File System...
         Mounting POSIX Message Queue File System...
[    5.855957] systemd[1]: Starting Create list of required static device nodes for the current kernel...
         Starting Create list of required st... nodes for the current kernel...
[    5.864979] systemd[1]: Starting Remount Root and Kernel File Systems...
         Starting Remount Root and Kernel File Systems...
[    5.871113] systemd[1]: Starting Uncomplicated firewall...
[    5.874090] EXT4-fs (sda1): re-mounted. Opts: (null)
         Starting Uncomplicated firewall...
[    5.879163] systemd[1]: Mounting Huge Pages File System...
         Mounting Huge Pages File System...
[    5.892109] systemd[1]: Starting Load Kernel Modules...
         Starting Load Kernel Modules...
[    5.897864] systemd[1]: Mounting Debug File System...
         Mounting Debug File System...
[    5.899371] systemd[1]: Reached target Slices.
[[0;32m  OK  [0m] Reached target Slices.
[    5.902965] systemd[1]: Listening on /dev/initctl Compatibility Named Pipe.
[[0;32m  OK  [0m] Listening on /dev/initctl Compatibility Named Pipe.
[    5.905581] Loading iSCSI transport class v2.0-870.
[    5.906776] systemd[1]: Starting Nameserver information manager...
[    5.957620] iscsi: registered transport (tcp)
         Starting Nameserver information manager...
[    5.963504] systemd[1]: Starting Set console keymap...
         Starting Set console keymap...
[    5.971584] systemd[1]: Mounted POSIX Message Queue File System.
[[0;32m  OK  [0m] Mounted POSIX Message Queue File System.
[    5.973838] systemd[1]: Mounted Huge Pages File System.
[[0;32m  OK  [0m] Mounted Huge Pages File System.
[    5.978389] systemd[1]: Mounted Debug File System.
[[0;32m  OK  [0m] Mounted Debug File System.
[    5.980708] systemd[1]: Started Journal Service.
[[0;32m  OK  [0m] Started Journal Service.
[[0;32m  OK  [0m] Started Create list of required sta...ce nodes for the current kernel.
[[0;32m  OK  [0m] Started Remount Root and Kernel File Systems.
[[0;32m  OK  [0m] Started Uncomplicated firewall.
[[0;32m  OK  [0m] Started LVM2 metadata daemon.
[    6.049178] random: nonblocking pool is initialized
         Starting udev Coldplug all Devices...
         Starting Load/Save Random Seed...
         Starting Create Static Device Nodes in /dev...
         Starting Flush Journal to Persistent Storage...
[[0;32m  OK  [0m] Started Set console keymap.
[[0;32m  OK  [0m] Started Nameserver information manager.
[[0;32m  OK  [0m] Started Load/Save Random Seed.
[    6.094887] iscsi: registered transport (iser)
[    6.097667] systemd-journald[365]: Received request to flush runtime journal from PID 1
[[0;32m  OK  [0m] Started Flush Journal to Persistent Storage.
[[0;32m  OK  [0m] Started Load Kernel Modules.
         Starting Apply Kernel Variables...
         Mounting FUSE Control File System...
[[0;32m  OK  [0m] Mounted FUSE Control File System.
[[0;32m  OK  [0m] Started Apply Kernel Variables.
[[0;32m  OK  [0m] Started Create Static Device Nodes in /dev.
         Starting udev Kernel Device Manager...
[[0;32m  OK  [0m] Started udev Coldplug all Devices.
[[0;32m  OK  [0m] Started udev Kernel Device Manager.
[[0;32m  OK  [0m] Started Dispatch Password Requests to Console Directory Watch.
[[0;32m  OK  [0m] Found device /dev/ttyS0.
[[0;32m  OK  [0m] Listening on Load/Save RF Kill Switch Status /dev/rfkill Watch.
[[0;32m  OK  [0m] Started Monitoring of LVM2 mirrors,...ng dmeventd or progress polling.
[[0;32m  OK  [0m] Reached target Local File Systems (Pre).
[[0;32m  OK  [0m] Reached target Local File Systems.
         Starting Initial cloud-init job (pre-networking)...
         Starting LSB: AppArmor initialization...
         Starting Tell Plymouth To Write Out Runtime Data...
         Starting Create Volatile Files and Directories...
         Starting Commit a transient machine-id on disk...
         Starting Set console font and keymap...
[[0;32m  OK  [0m] Started Commit a transient machine-id on disk.
[[0;32m  OK  [0m] Started Create Volatile Files and Directories.
         Starting Update UTMP about System Boot/Shutdown...
[[0;32m  OK  [0m] Started Tell Plymouth To Write Out Runtime Data.
[[0;32m  OK  [0m] Started Update UTMP about System Boot/Shutdown.
[    8.878718] cloud-init[505]: Cloud-init v. 19.4-33-gbb4131a2-0ubuntu1~16.04.1 running 'init-local' at Wed, 26 Feb 2020 07:43:21 +0000. Up 8.26 seconds.
[[0;32m  OK  [0m] Started Initial cloud-init job (pre-networking).
[[0;32m  OK  [0m] Reached target Network (Pre).
[[0;32m  OK  [0m] Started LSB: AppArmor initialization.
         Starting Raise network interfaces...
[[0;32m  OK  [0m] Started Set console font and keymap.
[[0;32m  OK  [0m] Created slice system-getty.slice.
[[0;32m  OK  [0m] Started Raise network interfaces.
         Starting Initial cloud-init job (metadata service crawler)...
[[0;32m  OK  [0m] Reached target Network.
[   11.294433] cloud-init[952]: Cloud-init v. 19.4-33-gbb4131a2-0ubuntu1~16.04.1 running 'init' at Wed, 26 Feb 2020 07:43:24 +0000. Up 10.58 seconds.
[   11.296510] cloud-init[952]: ci-info: ++++++++++++++++++++++++++++++++++++++Net device info++++++++++++++++++++++++++++++++++++++
[   11.300209] cloud-init[952]: ci-info: +--------+------+----------------------------+---------------+--------+-------------------+
[   11.304225] cloud-init[952]: ci-info: | Device |  Up  |          Address           |      Mask     | Scope  |     Hw-Address    |
[   11.308644] cloud-init[952]: ci-info: +--------+------+----------------------------+---------------+--------+-------------------+
[   11.310315] cloud-init[952]: ci-info: | enp0s3 | True |         10.0.2.15          | 255.255.255.0 | global | 02:28:e8:e3:81:d2 |[[0;32m  OK  [0m] Started Initial cloud-init job (metadata service crawler).
[[0;32m  OK  [0m] Reached target Cloud-config availability.
[   11.384472] cloud-init[952]: ci-info: | enp0s3 | True | fe80::28:e8ff:fee3:81d2/64 |       .       |  link  | 02:28:e8:e3:81:d2 |
[   11.386318] cloud-init[952]: ci-info: |   lo   | True |         127.0.0.1          |   255.0.0.0   |  host  |         .         |
[[0;32m  OK  [0m] Reached target System Initialization.
[[0;32m  OK  [0m] Started Daily apt download activities.
[[0;32m  OK  [0m] Started Message of the Day.
[[0;32m  OK  [0m] Listening on UUID daemon activation socket.
[[0;32m  OK  [0m] Started Daily Cleanup of Temporary Directories.
[[0;32m  OK  [0m] Listening on ACPID Listen Socket.

[   11.394660] cloud-init[952]: ci-info: |   lo   | True |          ::1/128           |       .       |  host  |         .         |
[[0;32m  OK  [0m] Started ACPI Events Check.
[   11.397867] cloud-init[952]: ci-info: +--------+------+----------------------------+---------------+--------+-------------------+
[[0;32m  OK  [0m] Reached target Paths.
[   11.400787] cloud-init[952]: ci-info: +++++++++++++++++++++++++++Route IPv4 info++++++++++++++++++++++++++++
         Starting LXD - unix socket.
[[0;32m  OK  [0m] Started Daily apt upgrade and clean activities.
[   11.405119] cloud-init[952]: ci-info: +-------+-------------+----------+---------------+-----------+-------+
[[0;32m  OK  [0m] Reached target Timers.
         Starting Socket activation for snappy daemon.[   11.408401] cloud-init[952]: ci-info: | Route | Destination | Gateway  |    Genmask    | Interface | Flags |
[   11.409742] cloud-init[952]: ci-info: +-------+-------------+----------+---------------+-----------+-------+
[   11.410100] cloud-init[952]: ci-info: |   0   |   0.0.0.0   | 10.0.2.2 |    0.0.0.0    |   enp0s3  |   UG  |

[[0;32m  OK  [0m] Listening on D-Bus System Message Bus Socket.
[[0;32m  OK  [0m] Reached target Network is Online.
         Starting iSCSI initiator daemon (iscsid)...
[[0;32m  OK  [0m] Listening on LXD - unix socket.
[[0;32m  OK  [0m] Listening on Socket activation for snappy daemon.
[[0;32m  OK  [0m] Reached target Sockets.
[[0;32m  OK  [0m] Reached target Basic System.
[   11.466245] cloud-init[952]: ci-info: |   1   |   10.0.2.0  | 0.0.0.0  | 255.255.255.0 |   enp0s3  |   U   |
[[0;32m  OK  [0m] Started ACPI event daemon.
[[0;32m  OK  [0m] Started FUSE filesystem for LXC.
         Starting Virtualbox guest utils...
[   11.470459] cloud-init[952]: ci-info: +-------+-------------+----------+---------------+-----------+-------+
[   11.481103]          Starting LSB: Record successful boot for GRUB...
         Starting Login Service...
         Starting Accounts Service...
[[0;32m  OK  [0m] Started Deferred execution scheduler.
cloud-init[952]: ci-info: +++++++++++++++++++Route IPv6 info+++++++++++++++++++
         Starting LSB: MD monitoring daemon...
         Starting System Logging Service...
         Starting /etc/rc.local Compatibility...
         Starting Pollinate to seed the pseudo random number generator...
[[0;32m  OK  [0m] Started D-Bus System Message Bus.
[   11.577108] cloud-init[952]: ci-info: +-------+-------------+---------+-----------+-------+
[   11.579142] cloud-init[952]: ci-info: | Route | Destination | Gateway | Interface | Flags |
[   11.580876] cloud-init[952]: ci-info: +-------+-------------+---------+-----------+-------+
[   11.585537] cloud-init[952]: ci-info: |   0   |  fe80::/64  |    ::   |   enp0s3  |   U   |
[   11.588084] cloud-init[952]: ci-info: |   3   |   ff00::/8  |    ::   |   enp0s3  |   U   |
[   11.590447] cloud-init[952]: ci-info: +-------+-------------+---------+-----------+-------+
[   11.591869] cloud-init[952]: Generating public/private rsa key pair.
[   11.594521] cloud-init[952]: Your identification has been saved in /etc/ssh/ssh_host_rsa_key.
[   11.597778] cloud-init[952]: Your public key has been saved in /etc/ssh/ssh_host_rsa_key.pub.
[   11.610231] cloud-init[952]: The key fingerprint is:
[   11.611598] cloud-init[952]: SHA256:k82MhwvCa/xzZl0BNYPFSgd1mJd8Vv2cP9QPGAeM9G0 root@ubuntu-xenial
[   11.613261] cloud-init[952]: The key's randomart image is:
[   11.661750] cloud-init[952]: [[0;32m  OK  [0m] Started Regular background program processing daemon.
         Starting Snappy daemon...
         Starting LXD - container startup/shutdown...
[[0;32m  OK  [0m] Started System Logging Service.
+---[RSA 2048]----+
[   11.674537] cloud-init[952]: |         .oXB=..+|
[   11.677573] cloud-init[952]: |          =.B== +|
[[0;32m  OK  [0m] Started /etc/rc.local Compatibility.
[   11.680248] cloud-init[952]: |         . +.=E++|
[   11.683845] cloud-init[952]: |   .     B. o..o+|
[   11.685224] cloud-init[952]: |    o . S =  ...o|
[[0;32m  OK  [0m] Started Login Service.
[[0;32m  OK  [0m] Started Unattended Upgrades Shutdown.
[   11.719150] cloud-init[952]: |   . o . +  .  .o|
[[0;32m  OK  [0m] Started iSCSI initiator daemon (iscsid).
[[0;32m  OK  [0m] Started LSB: Record successful boot for GRUB.
[[0;32m  OK  [0m] Started LSB: MD monitoring daemon.
[   11.720661] cloud-init[952]:          |    +   .. .    .|
[   11.885584] cloud-init[952]: Starting Authenticate and Authorize Users to Run Privileged Tasks...
         Starting Login to default iSCSI targets...
|   . .. + .      |
[   11.912772] cloud-init[952]: |      .=         |
[   11.913398] cloud-init[952]: +----[SHA256]-----+
[   11.916202] cloud-init[952]: Generating public/private dsa key pair.
[[0;32m  OK  [0m] Started Login to default iSCSI targets.
[[0;32m  OK  [0m] Reached target Remote File Systems (Pre).
[[0;32m  OK  [0m] Reached target Remote File Systems.
         Starting LSB: daemon to balance interrupts for SMP systems...
         Starting Permit User Sessions...
         Starting LSB: automatic crash report generation...
[   11.979071] cloud-init[952]: Your identification has been saved in /etc/ssh/ssh_host_dsa_key.
         Starting LSB: Set the CPU Frequency Scaling governor to "ondemand"...
[[0;32m  OK  [0m] Started Authenticate and Authorize Users to Run Privileged Tasks.
[[0;32m  OK  [0m] Started Accounts Service.
[[0;32m  OK  [0m] Started Permit User Sessions.
         Starting Hold until boot process finishes up...
         Starting Terminate Plymouth Boot Screen...
[[0;32m  OK  [0m] Started Hold until boot process finishes up.
[   12.025710] cloud-init[952]: Your public key has been saved in /etc/ssh/ssh_host_dsa_key.pub.
         Starting Set console scheme...[   12.083575] cloud-init[952]: The key fingerprint is:
[   12.085718] cloud-init[952]: SHA256:cTamHKLa5d1MNIq7ynoqnElY14+N3lAtHgcvY7HmdV0 root@ubuntu-xenial
[   12.088670] cloud-init[952]: The key's randomart image is:
[   12.093918] cloud-init[952]: +---[DSA 1024]----+
[   12.095075] cloud-init[952]: |                 |
[   12.096342] cloud-init[952]: |        o       E|
[   12.097298] cloud-init[952]: |     .. o*B  . . |
[   12.099441] cloud-init[952]: |  . ...+XX=o. .  |
[   12.100215] cloud-init[952]: |.. .. o@SB..     |
[   12.101321] cloud-init[952]: |.. o o+o=+       |
[   12.102085] cloud-init[952]: |o + ..oo. o      |
[   12.102831] cloud-init[952]: |.+ .. ...        |
[   12.103563] cloud-init[952]: | .o+o..          |
[   12.104953] cloud-init[952]: +----[SHA256]-----+
[   12.105663] cloud-init[952]: Generating public/private ecdsa key pair.
[   12.106542] cloud-init[952]: Your identification has been saved in /etc/ssh/ssh_host_ecdsa_key.
[   12.114745] cloud-init[952]: Your public key has been saved in /etc/ssh/ssh_host_ecdsa_key.pub.
[[0;32m  OK  [0m] Started Serial Getty on ttyS0.

[   12.120879] cloud-init[952]: The key fingerprint is:[[0;32m  OK  [0m] Started Getty on tty1.
[[0;32m  OK  [0m] Reached target Login Prompts.
[[0;32m  OK  [0m] Started Terminate Plymouth Boot Screen.
[   12.129125] cloud-init[952]: SHA256:Lala9rEsUt0SpOsB2p89kgV0mGYLD7DMERhysovZVo0 root@ubuntu-xenial

[[0;32m  OK  [0m] Started Set console scheme.
[   12.194152] cloud-init[952]: The key's randomart image is:
[[0;32m  OK  [0m] Started LSB: Set the CPU Frequency Scaling governor to "ondemand".
[   12.204237] cloud-init[952]: +---[ECDSA 256]---+
[   12.210473] cloud-init[952]: |+o=o   o         |
[[0;32m  OK  [0m] Started LSB: automatic crash report generation.
[[0;32m  OK  [0m] Started LSB: daemon to balance interrupts for SMP systems.
[   12.219335] cloud-init[952]: |o* ooo* o        |
[   12.223085] cloud-init[952]: |. + EB.=         |
[   12.224270] cloud-init[952]: |.+ .. = .o       |
[   12.226222] cloud-init[952]: |+ oo . +So.      |
[   12.227058] cloud-init[952]: | .. . +.+..      |
[   12.227798] cloud-init[952]: |     ++*..       |
[   12.228764] cloud-init[952]: |    .+Booo       |
[   12.229810] cloud-init[[0;32m  OK  [0m] Started Virtualbox guest utils.
[[0;32m  OK  [0m] Started LXD - container startup/shutdown.
[952]: |    .. o+.       |
[   12.301497] cloud-init[952]: +----[SHA256]-----+
[   12.302918] cloud-init[952]: Generating public/private ed25519 key pair.
[   12.304121] cloud-init[952]: Your identification has been saved in /etc/ssh/ssh_host_ed25519_key.
[   12.306190] cloud-init[952]: Your public key has been saved in /etc/ssh/ssh_host_ed25519_key.pub.
[   12.307273] cloud-init[952]: The key fingerprint is:
[   12.308662] cloud-init[952]: SHA256:xTvLUPvUJUvMj8WbpOIEGsXGvihyqDmANbUtaTfQ+7M root@ubuntu-xenial
[   12.309733] cloud-init[952]: The key's randomart image is:
[   12.310735] cloud-init[952]: +--[ED25519 256]--+
[   12.316291] cloud-init[952]: |     .  o.       |
[   12.316901] cloud-init[952]: |    o . .=   o . |
[   12.319216] cloud-init[952]: |   . = oo.+   =.+|
[   12.319983] cloud-init[952]: |  o = = o+.o ooBo|
[   12.324267] cloud-init[952]: |.. o.o +S =o..+o.|
[   12.324960] cloud-init[952]: |o  o o .o+o=.    |
[   12.325895] cloud-init[952]: |. o o .  oo..    |
[   12.327275] cloud-init[952]: | +      E        |
[   12.328877] cloud-init[952]: |  .              |
[   12.330351] cloud-init[952]: +----[SHA256]-----+
[[0;32m  OK  [0m] Started Snappy daemon.
         Starting Wait until snapd is fully seeded...
[[0;32m  OK  [0m] Started Pollinate to seed the pseudo random number generator.
         Starting OpenBSD Secure Shell server...
[[0;32m  OK  [0m] Started OpenBSD Secure Shell server.
[[0;32m  OK  [0m] Created slice User Slice of vagrant.
         Starting User Manager for UID 1000...
[[0;32m  OK  [0m] Started Session 1 of user vagrant.
[[0;32m  OK  [0m] Started User Manager for UID 1000.
[[0;32m  OK  [0m] Started Session 2 of user vagrant.
[[0;32m  OK  [0m] Started Wait until snapd is fully seeded.
         Starting Apply the settings specified in cloud-config...
[[0;32m  OK  [0m] Reached target Multi-User System.
[[0;32m  OK  [0m] Reached target Graphical Interface.
         Starting Update UTMP about System Runlevel Changes...
[[0;32m  OK  [0m] Started Update UTMP about System Runlevel Changes.
[   16.639653] cloud-init[1560]: Generating locales (this might take a while)...

Ubuntu 16.04.6 LTS ubuntu-xenial ttyS0

ubuntu-xenial login: [   18.206664] cloud-init[1560]:   en_US.UTF-8... done
[   18.207913] cloud-init[1560]: Generation complete.
[   18.663659] cloud-init[1560]: Cloud-init v. 19.4-33-gbb4131a2-0ubuntu1~16.04.1 running 'modules:config' at Wed, 26 Feb 2020 07:43:29 +0000. Up 16.50 seconds.
ci-info: no authorized SSH keys fingerprints found for user ubuntu.
<14>Feb 26 07:43:32 ec2: 
<14>Feb 26 07:43:32 ec2: #############################################################
<14>Feb 26 07:43:32 ec2: -----BEGIN SSH HOST KEY FINGERPRINTS-----
<14>Feb 26 07:43:32 ec2: 1024 SHA256:cTamHKLa5d1MNIq7ynoqnElY14+N3lAtHgcvY7HmdV0 root@ubuntu-xenial (DSA)
<14>Feb 26 07:43:32 ec2: 256 SHA256:Lala9rEsUt0SpOsB2p89kgV0mGYLD7DMERhysovZVo0 root@ubuntu-xenial (ECDSA)
<14>Feb 26 07:43:32 ec2: 256 SHA256:xTvLUPvUJUvMj8WbpOIEGsXGvihyqDmANbUtaTfQ+7M root@ubuntu-xenial (ED25519)
<14>Feb 26 07:43:32 ec2: 2048 SHA256:k82MhwvCa/xzZl0BNYPFSgd1mJd8Vv2cP9QPGAeM9G0 root@ubuntu-xenial (RSA)
<14>Feb 26 07:43:32 ec2: -----END SSH HOST KEY FINGERPRINTS-----
<14>Feb 26 07:43:32 ec2: #############################################################
-----BEGIN SSH HOST KEY KEYS-----
ecdsa-sha2-nistp256 AAAAE2VjZHNhLXNoYTItbmlzdHAyNTYAAAAIbmlzdHAyNTYAAABBBNOxA/q6odSEfwPWCoQEMqSwWCx/RFmQdttnDmmGdgZatJ6zsOPN78bTdPDgwixnCkWQ1j6H0n9uALwncfiR6zQ= root@ubuntu-xenial
ssh-ed25519 AAAAC3NzaC1lZDI1NTE5AAAAIFh2v26V83mOMfEKnvyQeSuZjDDe7hQdBUYqRuBiVWw9 root@ubuntu-xenial
ssh-rsa AAAAB3NzaC1yc2EAAAADAQABAAABAQDgAYoDDTMd0VuuBxwxV+9YqX8PqueXIKLzJVR8C8YeFvufcBrXRR3ioEbv5OBXmz8vtDMe9dB+R3Fkv84lXoQYbNWvFj0fVfz1kPP+qsrYa8lzuZU90HN4pE3kLMj6HqWXgQe3mgKgOOk2ysuDpK2zTZrGR5qLw2sC6D6D7eSeH0qzBQIpQh27jDwVihJ63ijvoPiQxftvyT5U2pWwpZNPSL8NU4VK6T+opGKT+Z35KvCbIuWRUbl1EnZblyAvEbmMDghbT7xCbKHYrWrpseQoySlCaywwhyXtCGlDFOKl/gCC1B+7qRrgPFAfDApVAxN6t+bVzr+Dk/6HmN961uoh root@ubuntu-xenial
-----END SSH HOST KEY KEYS-----
[   19.230660] cloud-init[1743]: Cloud-init v. 19.4-33-gbb4131a2-0ubuntu1~16.04.1 running 'modules:final' at Wed, 26 Feb 2020 07:43:32 +0000. Up 19.09 seconds.
[   19.232082] cloud-init[1743]: ci-info: no authorized SSH keys fingerprints found for user ubuntu.
[   19.232908] cloud-init[1743]: Cloud-init v. 19.4-33-gbb4131a2-0ubuntu1~16.04.1 finished at Wed, 26 Feb 2020 07:43:32 +0000. Datasource DataSourceNoCloud [seed=/dev/sdb][dsmode=net].  Up 19.22 seconds
