[    0.000000] Initializing cgroup subsys cpuset
[    0.000000] Initializing cgroup subsys cpu
[    0.000000] Initializing cgroup subsys cpuacct
[    0.000000] Linux version 4.4.0-174-generic (buildd@lcy01-amd64-027) (gcc version 5.4.0 20160609 (Ubuntu 5.4.0-6ubuntu1~16.04.12) ) #204-Ubuntu SMP Wed Jan 29 06:41:01 UTC 2020 (Ubuntu 4.4.0-174.204-generic 4.4.211)
[    0.000000] Command line: BOOT_IMAGE=/boot/vmlinuz-4.4.0-174-generic root=LABEL=cloudimg-rootfs ro console=tty1 console=ttyS0
[    0.000000] KERNEL supported cpus:
[    0.000000]   Intel GenuineIntel
[    0.000000]   AMD AuthenticAMD
[    0.000000]   Centaur CentaurHauls
[    0.000000] x86/fpu: xstate_offset[2]:  576, xstate_sizes[2]:  256
[    0.000000] x86/fpu: Supporting XSAVE feature 0x01: 'x87 floating point registers'
[    0.000000] x86/fpu: Supporting XSAVE feature 0x02: 'SSE registers'
[    0.000000] x86/fpu: Supporting XSAVE feature 0x04: 'AVX registers'
[    0.000000] x86/fpu: Enabled xstate features 0x7, context size is 832 bytes, using 'standard' format.
[    0.000000] e820: BIOS-provided physical RAM map:
[    0.000000] BIOS-e820: [mem 0x0000000000000000-0x000000000009fbff] usable
[    0.000000] BIOS-e820: [mem 0x000000000009fc00-0x000000000009ffff] reserved
[    0.000000] BIOS-e820: [mem 0x00000000000f0000-0x00000000000fffff] reserved
[    0.000000] BIOS-e820: [mem 0x0000000000100000-0x000000002cfeffff] usable
[    0.000000] BIOS-e820: [mem 0x000000002cff0000-0x000000002cffffff] ACPI data
[    0.000000] BIOS-e820: [mem 0x00000000fec00000-0x00000000fec00fff] reserved
[    0.000000] BIOS-e820: [mem 0x00000000fee00000-0x00000000fee00fff] reserved
[    0.000000] BIOS-e820: [mem 0x00000000fffc0000-0x00000000ffffffff] reserved
[    0.000000] NX (Execute Disable) protection: active
[    0.000000] SMBIOS 2.5 present.
[    0.000000] Hypervisor detected: KVM
[    0.000000] e820: last_pfn = 0x2cff0 max_arch_pfn = 0x400000000
[    0.000000] MTRR: Disabled
[    0.000000] x86/PAT: MTRRs disabled, skipping PAT initialization too.
[    0.000000] CPU MTRRs all blank - virtualized system.
[    0.000000] x86/PAT: Configuration [0-7]: WB  WT  UC- UC  WB  WT  UC- UC  
[    0.000000] found SMP MP-table at [mem 0x0009fff0-0x0009ffff] mapped at [ffff88000009fff0]
[    0.000000] Scanning 1 areas for low memory corruption
[    0.000000] RAMDISK: [mem 0x2b95f000-0x2c7e5fff]
[    0.000000] ACPI: Early table checksum verification disabled
[    0.000000] ACPI: RSDP 0x00000000000E0000 000024 (v02 VBOX  )
[    0.000000] ACPI: XSDT 0x000000002CFF0030 00003C (v01 VBOX   VBOXXSDT 00000001 ASL  00000061)
[    0.000000] ACPI: FACP 0x000000002CFF00F0 0000F4 (v04 VBOX   VBOXFACP 00000001 ASL  00000061)
[    0.000000] ACPI: DSDT 0x000000002CFF0470 0022EA (v02 VBOX   VBOXBIOS 00000002 INTL 20190509)
[    0.000000] ACPI: FACS 0x000000002CFF0200 000040
[    0.000000] ACPI: FACS 0x000000002CFF0200 000040
[    0.000000] ACPI: APIC 0x000000002CFF0240 000054 (v02 VBOX   VBOXAPIC 00000001 ASL  00000061)
[    0.000000] ACPI: SSDT 0x000000002CFF02A0 0001CC (v01 VBOX   VBOXCPUT 00000002 INTL 20190509)
[    0.000000] No NUMA configuration found
[    0.000000] Faking a node at [mem 0x0000000000000000-0x000000002cfeffff]
[    0.000000] NODE_DATA(0) allocated [mem 0x2cfeb000-0x2cfeffff]
[    0.000000] kvm-clock: Using msrs 4b564d01 and 4b564d00
[    0.000000] kvm-clock: cpu 0, msr 0:2cfe3001, primary cpu clock
[    0.000000] kvm-clock: using sched offset of 4199113048 cycles
[    0.000000] clocksource: kvm-clock: mask: 0xffffffffffffffff max_cycles: 0x1cd42e4dffb, max_idle_ns: 881590591483 ns
[    0.000000] Zone ranges:
[    0.000000]   DMA      [mem 0x0000000000001000-0x0000000000ffffff]
[    0.000000]   DMA32    [mem 0x0000000001000000-0x000000002cfeffff]
[    0.000000]   Normal   empty
[    0.000000]   Device   empty
[    0.000000] Movable zone start for each node
[    0.000000] Early memory node ranges
[    0.000000]   node   0: [mem 0x0000000000001000-0x000000000009efff]
[    0.000000]   node   0: [mem 0x0000000000100000-0x000000002cfeffff]
[    0.000000] Initmem setup node 0 [mem 0x0000000000001000-0x000000002cfeffff]
[    0.000000] ACPI: PM-Timer IO Port: 0x4008
[    0.000000] IOAPIC[0]: apic_id 1, version 32, address 0xfec00000, GSI 0-23
[    0.000000] ACPI: INT_SRC_OVR (bus 0 bus_irq 0 global_irq 2 dfl dfl)
[    0.000000] ACPI: INT_SRC_OVR (bus 0 bus_irq 9 global_irq 9 low level)
[    0.000000] Using ACPI (MADT) for SMP configuration information
[    0.000000] smpboot: Allowing 1 CPUs, 0 hotplug CPUs
[    0.000000] PM: Registered nosave memory: [mem 0x00000000-0x00000fff]
[    0.000000] PM: Registered nosave memory: [mem 0x0009f000-0x0009ffff]
[    0.000000] PM: Registered nosave memory: [mem 0x000a0000-0x000effff]
[    0.000000] PM: Registered nosave memory: [mem 0x000f0000-0x000fffff]
[    0.000000] e820: [mem 0x2d000000-0xfebfffff] available for PCI devices
[    0.000000] Booting paravirtualized kernel on KVM
[    0.000000] clocksource: refined-jiffies: mask: 0xffffffff max_cycles: 0xffffffff, max_idle_ns: 7645519600211568 ns
[    0.000000] setup_percpu: NR_CPUS:512 nr_cpumask_bits:512 nr_cpu_ids:1 nr_node_ids:1
[    0.000000] PERCPU: Embedded 33 pages/cpu @ffff88002cc00000 s95448 r8192 d31528 u2097152
[    0.000000] Built 1 zonelists in Node order, mobility grouping on.  Total pages: 181304
[    0.000000] Policy zone: DMA32
[    0.000000] Kernel command line: BOOT_IMAGE=/boot/vmlinuz-4.4.0-174-generic root=LABEL=cloudimg-rootfs ro console=tty1 console=ttyS0
[    0.000000] PID hash table entries: 4096 (order: 3, 32768 bytes)
[    0.000000] Memory: 690608K/736824K available (8626K kernel code, 1336K rwdata, 4032K rodata, 1488K init, 1292K bss, 46216K reserved, 0K cma-reserved)
[    0.000000] SLUB: HWalign=64, Order=0-3, MinObjects=0, CPUs=1, Nodes=1
[    0.000000] Kernel/User page tables isolation: enabled
[    0.000000] Hierarchical RCU implementation.
[    0.000000] 	Build-time adjustment of leaf fanout to 64.
[    0.000000] 	RCU restricting CPUs from NR_CPUS=512 to nr_cpu_ids=1.
[    0.000000] RCU: Adjusting geometry for rcu_fanout_leaf=64, nr_cpu_ids=1
[    0.000000] NR_IRQS:33024 nr_irqs:256 16
[    0.000000] Console: colour VGA+ 80x25
[    0.000000] console [tty1] enabled
[    0.000000] console [ttyS0] enabled
[    0.000000] tsc: Detected 1991.998 MHz processor
[    0.210275] Calibrating delay loop (skipped) preset value.. 3983.99 BogoMIPS (lpj=7967992)
[    0.211781] pid_max: default: 32768 minimum: 301
[    0.212573] ACPI: Core revision 20150930
[    0.255047] ACPI: 2 ACPI AML tables successfully acquired and loaded
[    0.256236] Security Framework initialized
[    0.256935] Yama: becoming mindful.
[    0.257530] AppArmor: AppArmor initialized
[    0.258378] Dentry cache hash table entries: 131072 (order: 8, 1048576 bytes)
[    0.259517] Inode-cache hash table entries: 65536 (order: 7, 524288 bytes)
[    0.260536] Mount-cache hash table entries: 2048 (order: 2, 16384 bytes)
[    0.261411] Mountpoint-cache hash table entries: 2048 (order: 2, 16384 bytes)
[    0.262540] Initializing cgroup subsys io
[    0.263204] Initializing cgroup subsys memory
[    0.263839] Initializing cgroup subsys devices
[    0.264529] Initializing cgroup subsys freezer
[    0.265169] Initializing cgroup subsys net_cls
[    0.265838] Initializing cgroup subsys perf_event
[    0.266511] Initializing cgroup subsys net_prio
[    0.267228] Initializing cgroup subsys hugetlb
[    0.267876] Initializing cgroup subsys pids
[    0.269537] mce: CPU supports 0 MCE banks
[    0.270216] process: using mwait in idle threads
[    0.270921] Last level iTLB entries: 4KB 64, 2MB 8, 4MB 8
[    0.271790] Last level dTLB entries: 4KB 64, 2MB 0, 4MB 0, 1GB 4
[    0.272629] Spectre V1 : Mitigation: usercopy/swapgs barriers and __user pointer sanitization
[    0.273943] Spectre V2 : Mitigation: Full generic retpoline
[    0.274825] Spectre V2 : Spectre v2 / SpectreRSB mitigation: Filling RSB on context switch
[    0.276046] Speculative Store Bypass: Vulnerable
[    0.276771] MDS: Mitigation: Clear CPU buffers
[    0.297243] Freeing SMP alternatives memory: 36K
[    0.302701] ftrace: allocating 32305 entries in 127 pages
[    0.397640] smpboot: APIC(0) Converting physical 0 to logical package 0
[    0.398603] smpboot: Max logical packages: 1
[    0.399463] x2apic enabled
[    0.400127] Switched APIC routing to physical x2apic.
[    0.401653] ..TIMER: vector=0x30 apic1=0 pin1=2 apic2=-1 pin2=-1
[    0.510577] smpboot: CPU0: Intel(R) Core(TM) i7-8550U CPU @ 1.80GHz (family: 0x6, model: 0x8e, stepping: 0xa)
[    0.512686] Performance Events: unsupported p6 CPU model 142 no PMU driver, software events only.
[    0.523934] KVM setup paravirtual spinlock
[    0.568246] x86: Booted up 1 node, 1 CPUs
[    0.568940] smpboot: Total of 1 processors activated (3983.99 BogoMIPS)
[    0.570267] devtmpfs: initialized
[    0.572638] evm: security.selinux
[    0.573304] evm: security.SMACK64
[    0.573988] evm: security.SMACK64EXEC
[    0.574702] evm: security.SMACK64TRANSMUTE
[    0.575532] evm: security.SMACK64MMAP
[    0.576275] evm: security.ima
[    0.576893] evm: security.capability
[    0.577744] clocksource: jiffies: mask: 0xffffffff max_cycles: 0xffffffff, max_idle_ns: 7645041785100000 ns
[    0.579510] futex hash table entries: 256 (order: 2, 16384 bytes)
[    0.580617] pinctrl core: initialized pinctrl subsystem
[    0.581629] RTC time:  9:48:05, date: 02/26/20
[    0.582607] NET: Registered protocol family 16
[    0.583560] cpuidle: using governor ladder
[    0.584336] cpuidle: using governor menu
[    0.585083] PCCT header not found.
[    0.585838] ACPI: bus type PCI registered
[    0.586626] acpiphp: ACPI Hot Plug PCI Controller Driver version: 0.5
[    0.587801] PCI: Using configuration type 1 for base access
[    0.589808] ACPI: Added _OSI(Module Device)
[    0.590687] ACPI: Added _OSI(Processor Device)
[    0.591557] ACPI: Added _OSI(3.0 _SCP Extensions)
[    0.592404] ACPI: Added _OSI(Processor Aggregator Device)
[    0.593859] ACPI: Executed 1 blocks of module-level executable AML code
[    0.596566] ACPI: Interpreter enabled
[    0.597252] ACPI: (supports S0 S5)
[    0.597873] ACPI: Using IOAPIC for interrupt routing
[    0.598854] PCI: Using host bridge windows from ACPI; if necessary, use "pci=nocrs" and report a bug
[    0.602679] ACPI: PCI Root Bridge [PCI0] (domain 0000 [bus 00-ff])
[    0.603557] acpi PNP0A03:00: _OSC: OS supports [ASPM ClockPM Segments MSI]
[    0.604728] acpi PNP0A03:00: _OSC: not requesting OS control; OS requires [ExtendedConfig ASPM ClockPM MSI]
[    0.605999] acpi PNP0A03:00: fail to add MMCONFIG information, can't access extended PCI configuration space under this bridge.
[    0.607770] PCI host bridge to bus 0000:00
[    0.608402] pci_bus 0000:00: root bus resource [io  0x0000-0x0cf7 window]
[    0.609293] pci_bus 0000:00: root bus resource [io  0x0d00-0xffff window]
[    0.610193] pci_bus 0000:00: root bus resource [mem 0x000a0000-0x000bffff window]
[    0.611303] pci_bus 0000:00: root bus resource [mem 0x2d000000-0xfdffffff window]
[    0.612395] pci_bus 0000:00: root bus resource [bus 00-ff]
[    0.614345] pci 0000:00:01.1: legacy IDE quirk: reg 0x10: [io  0x01f0-0x01f7]
[    0.615285] pci 0000:00:01.1: legacy IDE quirk: reg 0x14: [io  0x03f6]
[    0.616125] pci 0000:00:01.1: legacy IDE quirk: reg 0x18: [io  0x0170-0x0177]
[    0.617025] pci 0000:00:01.1: legacy IDE quirk: reg 0x1c: [io  0x0376]
[    0.625406] pci 0000:00:07.0: quirk: [io  0x4000-0x403f] claimed by PIIX4 ACPI
[    0.672288] pci 0000:00:07.0: quirk: [io  0x4100-0x410f] claimed by PIIX4 SMB
[    0.677639] ACPI: PCI Interrupt Link [LNKA] (IRQs 5 9 10 *11)
[    0.679589] ACPI: PCI Interrupt Link [LNKB] (IRQs 5 9 *10 11)
[    0.681322] ACPI: PCI Interrupt Link [LNKC] (IRQs 5 *9 10 11)
[    0.683063] ACPI: PCI Interrupt Link [LNKD] (IRQs 5 9 10 *11)
[    0.684805] ACPI: Enabled 2 GPEs in block 00 to 07
[    0.686318] vgaarb: setting as boot device: PCI:0000:00:02.0
[    0.687501] vgaarb: device added: PCI:0000:00:02.0,decodes=io+mem,owns=io+mem,locks=none
[    0.689268] vgaarb: loaded
[    0.689978] vgaarb: bridge control possible 0000:00:02.0
[    0.691155] SCSI subsystem initialized
[    0.691974] ACPI: bus type USB registered
[    0.692783] usbcore: registered new interface driver usbfs
[    0.693802] usbcore: registered new interface driver hub
[    0.694780] usbcore: registered new device driver usb
[    0.695702] PCI: Using ACPI for IRQ routing
[    0.696677] NetLabel: Initializing
[    0.697294] NetLabel:  domain hash size = 128
[    0.698048] NetLabel:  protocols = UNLABELED CIPSOv4
[    0.698868] NetLabel:  unlabeled traffic allowed by default
[    0.699811] amd_nb: Cannot enumerate AMD northbridges
[    0.700604] clocksource: Switched to clocksource kvm-clock
[    0.706190] AppArmor: AppArmor Filesystem Enabled
[    0.706997] pnp: PnP ACPI init
[    0.708126] pnp: PnP ACPI: found 3 devices
[    0.714678] clocksource: acpi_pm: mask: 0xffffff max_cycles: 0xffffff, max_idle_ns: 2085701024 ns
[    0.716067] NET: Registered protocol family 2
[    0.716918] TCP established hash table entries: 8192 (order: 4, 65536 bytes)
[    0.717923] TCP bind hash table entries: 8192 (order: 5, 131072 bytes)
[    0.718821] TCP: Hash tables configured (established 8192 bind 8192)
[    0.719749] UDP hash table entries: 512 (order: 2, 16384 bytes)
[    0.720571] UDP-Lite hash table entries: 512 (order: 2, 16384 bytes)
[    0.721565] NET: Registered protocol family 1
[    0.722231] pci 0000:00:00.0: Limiting direct PCI/PCI transfers
[    0.723072] pci 0000:00:01.0: Activating ISA DMA hang workarounds
[    0.724012] Unpacking initramfs...
[    1.112515] Freeing initrd memory: 14876K
[    1.113602] clocksource: tsc: mask: 0xffffffffffffffff max_cycles: 0x396d4e5fc9d, max_idle_ns: 881590756024 ns
[    1.115387] platform rtc_cmos: registered platform RTC device (no PNP device found)
[    1.116740] Scanning for low memory corruption every 60 seconds
[    1.118005] audit: initializing netlink subsys (disabled)
[    1.118976] audit: type=2000 audit(1582710491.279:1): initialized
[    1.120168] Initialise system trusted keyring
[    1.120984] HugeTLB registered 2 MB page size, pre-allocated 0 pages
[    1.123407] zbud: loaded
[    1.124210] VFS: Disk quotas dquot_6.6.0
[    1.124952] VFS: Dquot-cache hash table entries: 512 (order 0, 4096 bytes)
[    1.126115] squashfs: version 4.0 (2009/01/31) Phillip Lougher
[    1.127149] fuse init (API version 7.23)
[    1.127945] Key type big_key registered
[    1.128583] Allocating IMA MOK and blacklist keyrings.
[    1.129518] Key type asymmetric registered
[    1.130209] Asymmetric key parser 'x509' registered
[    1.131016] Block layer SCSI generic (bsg) driver version 0.4 loaded (major 249)
[    1.132175] io scheduler noop registered
[    1.132795] io scheduler deadline registered (default)
[    1.133604] io scheduler cfq registered
[    1.134308] pci_hotplug: PCI Hot Plug PCI Core version: 0.5
[    1.135118] pciehp: PCI Express Hot Plug Controller Driver version: 0.4
[    1.136126] ACPI: AC Adapter [AC] (on-line)
[    1.136821] input: Power Button as /devices/LNXSYSTM:00/LNXPWRBN:00/input/input0
[    1.138022] ACPI: Power Button [PWRF]
[    1.138648] input: Sleep Button as /devices/LNXSYSTM:00/LNXSLPBN:00/input/input1
[    1.183332] ACPI: Sleep Button [SLPF]
[    1.185569] ACPI: Battery Slot [BAT0] (battery present)
[    1.187165] GHES: HEST is not enabled!
[    1.188504] Serial: 8250/16550 driver, 32 ports, IRQ sharing enabled
[    1.211239] 00:02: ttyS0 at I/O 0x3f8 (irq = 4, base_baud = 115200) is a 16550A
    1.222066] Linux agpgart interface v0.103
    1.223673] loop: module loaded
    1.224771] scsi host0: ata_piix
[    1.225424] scsi host1: at_piix
[    1.226081] ata1: PATA max UDMA/33 cmd 0x1f0 ctl 0x3f6 bmdma0xd000 irq 14
[    1.227152] ata2: PATA max UDMA/33 cmd 0x170 ctl 0x37 bmdma 0xd008 irq 15
[    1.228413 libphy: Fixed MDIO Bus: probed
[    1.229165] tun: Universal TUN/TAP devce driver, 1.6
[    1.229975] tun: (C) 1999-2004 Max Krasnyansky <maxkqualcomm.com>
[    1.231121] PPP generic drver version 2.4.2
[    1.231821] ehci_hcd: USB 2.0 'Enhanced' Host Conroller (EHCI) Driver
[    1.232813] ehci-pci: EHCI PCI platform driver
    1.233511] ehci-platform: EHCI generic platform driver
[    1.234269] oci_hcd: USB 1.1 'Open' Host Controller (OHCI) Driver
[    1.235191] ohci-pci: OHI PCI platform driver
[    1.235861] ohci-platform: OHCI generic platform driver[    1.294784] uhci_hcd: USB Universal Host Controller Interface driver
[    1.296023] i8042: PNP: PS/2 Controller [PNP0303:PS2K,PNP0f03:PS2M] at 0x60,0x64 irq 1,12
[    1.298278] serio: i8042 KBD port at 0x60,0x64 irq 1
[    1.299310] serio: i8042 AUX port at 0x60,0x64 irq 12
[    1.300351] mousedev: PS/2 mouse device common for all mice
[    1.301543] input: AT Translated Set 2 keyboard as /devices/platform/i8042/serio0/input/input2
[    1.303378] rtc_cmos rtc_cmos: rtc core: registered rtc_cmos as rtc0
[    1.304493] rtc_cmos rtc_cmos: alarms up to one day, 114 bytes nvram
[    1.305597] i2c /dev entries driver
[    1.306295] device-mapper: uevent: version 1.0.3
[    1.307153] device-mapper: ioctl: 4.34.0-ioctl (2015-10-28) initialised: dm-devel@redhat.com
[    1.308647] ledtrig-cpu: registered to indicate activity on CPUs
[    1.309881] NET: Registered protocol family 10
[    1.310824] NET: Registered protocol family 17
[    1.311657] Key type dns_resolver registered
[    1.312570] registered taskstats version 1
[    1.313355] Loading compiled-in X.509 certificates
[    1.314633] Loaded X.509 cert 'Build time autogenerated kernel key: 2501974cc66248a18f8fa54aaac948a5171f77fb'
[    1.316319] zswap: loaded using pool lzo/zbud
[    1.318153] Key type trusted registered
[    1.320638] Key type encrypted registered
[    1.321412] AppArmor: AppArmor sha1 policy hashing enabled
[    1.322319] ima: No TPM chip found, activating TPM-bypass!
[    1.323266] ima: Allocated hash algorithm: sha1
[    1.324049] evm: HMAC attrs: 0x1
[    1.324832]   Magic number: 8:669:829
[    1.325546] rtc_cmos rtc_cmos: setting system clock to 2020-02-26 09:48:06 UTC (1582710486)
[    1.327048] BIOS EDD facility v0.16 2004-Jun-25, 0 devices found
[    1.328025] EDD information not available.
[    1.387030] Freeing unused kernel memory: 1488K
[    1.389447] Write protecting the kernel read-only data: 14336k
[    1.394116] Freeing unused kernel memory: 1604K
[    1.397493] Freeing unused kernel memory: 64K
Loading, please wait...
starting version 229
[    1.425693] random: udevadm: uninitialized urandom read (16 bytes read, 3 bits of entropy available)
[    1.428401] random: udevadm: uninitialized urandom read (16 bytes read, 3 bits of entropy available)
[    1.431362] random: systemd-udevd: uninitialized urandom read (16 bytes read, 3 bits of entropy available)
[    1.433861] random: systemd-udevd: uninitialized urandom read (16 bytes read, 3 bits of entropy available)
[    1.436024] random: systemd-udevd: uninitialized urandom read (16 bytes read, 3 bits of entropy available)
[    1.438108] random: systemd-udevd: uninitialized urandom read (16 bytes read, 3 bits of entropy available)
[    1.444596] random: systemd-udevd: uninitialized urandom read (16 bytes read, 3 bits of entropy available)
[    1.446333] random: systemd-udevd: uninitialized urandom read (16 bytes read, 3 bits of entropy available)
[    1.498015] random: udevadm: uninitialized urandom read (16 bytes read, 3 bits of entropy available)
[    1.501895] random: udevadm: uninitialized urandom read (16 bytes read, 3 bits of entropy available)
[    1.614150] Fusion MPT base driver 3.04.20
[    1.615989] Copyright (c) 1999-2008 LSI Corporation
[    1.620343] e1000: Intel(R) PRO/1000 Network Driver - version 7.3.21-k8-NAPI
[    1.622541] e1000: Copyright (c) 1999-2006 Intel Corporation.
[    1.645567] Fusion MPT SPI Host driver 3.04.20
[    1.652409] AVX2 version of gcm_enc/dec engaged.
[    1.697265] AES CTR mode by8 optimization enabled
[    1.835637] input: ImExPS/2 Generic Explorer Mouse as /devices/platform/i8042/serio1/input/input4
[    2.282037] e1000 0000:00:03.0 eth0: (PCI:33MHz:32-bit) 02:28:e8:e3:81:d2
[    2.283869] e1000 0000:00:03.0 eth0: Intel(R) PRO/1000 Network Connection
[    2.287199] e1000 0000:00:03.0 enp0s3: renamed from eth0
[    2.289981] mptbase: ioc0: Initiating bringup
[    2.353559] ioc0: LSI53C1030 A0: Capabilities={Initiator}
[    2.524190] scsi host2: ioc0: LSI53C1030 A0, FwRev=00000000h, Ports=1, MaxQ=256, IRQ=20
[    2.642232] scsi 2:0:0:0: Direct-Access     VBOX     HARDDISK         1.0  PQ: 0 ANSI: 5
[    2.648186] scsi target2:0:0: Beginning Domain Validation
[    2.654770] scsi target2:0:0: Domain Validation skipping write tests
[    2.659136] scsi target2:0:0: Ending Domain Validation
[    2.662931] scsi target2:0:0: asynchronous
[    2.667139] scsi 2:0:1:0: Direct-Access     VBOX     HARDDISK         1.0  PQ: 0 ANSI: 5
[    2.671860] scsi target2:0:1: Beginning Domain Validation
[    2.675633] scsi target2:0:1: Domain Validation skipping write tests
[    2.677711] scsi target2:0:1: Ending Domain Validation
[    2.679504] scsi target2:0:1: asynchronous
[    2.684770] sd 2:0:0:0: Attached scsi generic sg0 type 0
[    2.695472] sd 2:0:0:0: [sda] 20971520 512-byte logical blocks: (10.7 GB/10.0 GiB)
[    2.696993] sd 2:0:0:0: [sda] Write Protect is off
[    2.698018] sd 2:0:0:0: [sda] Incomplete mode parameter data
[    2.699022] sd 2:0:0:0: [sda] Assuming drive cache: write through
[    2.700558] sd 2:0:1:0: [sdb] 20480 512-byte logical blocks: (10.5 MB/10.0 MiB)
[    2.728920] sd 2:0:1:0: Attached scsi generic sg1 type 0
[    2.730201] sd 2:0:1:0: [sdb] Write Protect is off
[    2.731200] sd 2:0:1:0: [sdb] Incomplete mode parameter data
[    2.732213] sd 2:0:1:0: [sdb] Assuming drive cache: write through
[    2.734036]  sda: sda1
[    2.735112] sd 2:0:0:0: [sda] Attached SCSI disk
[    2.741259] sd 2:0:1:0: [sdb] Attached SCSI disk
Begin: Loading essential drivers ... [    4.303999] md: linear personality registered for level -1
[    4.308080] md: multipath personality registered for level -4
[    4.311724] md: raid0 personality registered for level 0
[    4.315851] md: raid1 personality registered for level 1
[    4.389718] raid6: sse2x1   gen()  5019 MB/s
[    4.477963] raid6: sse2x1   xor()  5766 MB/s
[    4.580663] raid6: sse2x2   gen()  9455 MB/s
[    4.682225] raid6: sse2x2   xor() 10288 MB/s
[    4.787199] raid6: sse2x4   gen() 16160 MB/s
[    4.892394] raid6: sse2x4   xor()  9024 MB/s
[    4.997432] raid6: avx2x1   gen() 16028 MB/s
[    5.102513] raid6: avx2x2   gen() 20155 MB/s
[    5.207362] raid6: avx2x4   gen() 23937 MB/s
[    5.208624] raid6: using algorithm avx2x4 gen() 23937 MB/s
[    5.209921] raid6: using avx2x2 recovery algorithm
[    5.213492] xor: automatically using best checksumming function:
[    5.349713]    avx       : 69012.000 MB/sec
[    5.352294] async_tx: api initialized (async)
[    5.363425] md: raid6 personality registered for level 6
[    5.364278] md: raid5 personality registered for level 5
[    5.365042] md: raid4 personality registered for level 4
[    5.370262] md: raid10 personality registered for level 10
done.
Begin: Running /scripts/init-premount ... done.
Begin: Mounting root file system ... Begin: Running /scripts/local-top ... done.
Begin: Running /scripts/local-premount ... [    5.454697] Btrfs loaded
Scanning for Btrfs filesystems
done.
Warning: fsck not present, so skipping root file system
[    5.482679] EXT4-fs (sda1): mounted filesystem with ordered data mode. Opts: (null)
done.
Begin: Running /scripts/local-bottom ... done.
Begin: Running /scripts/init-bottom ... done.
[    5.689456] systemd[1]: systemd 229 running in system mode. (+PAM +AUDIT +SELINUX +IMA +APPARMOR +SMACK +SYSVINIT +UTMP +LIBCRYPTSETUP +GCRYPT +GNUTLS +ACL +XZ -LZ4 +SECCOMP +BLKID +ELFUTILS +KMOD -IDN)
[    5.696199] systemd[1]: Detected virtualization oracle.
[    5.697962] systemd[1]: Detected architecture x86-64.

Welcome to [1mUbuntu 16.04.6 LTS[0m!

[    5.701999] systemd[1]: Set hostname to <ubuntu>.
[    5.705565] systemd[1]: Initializing machine ID from random generator.
[    5.707036] systemd[1]: Installed transient /etc/machine-id file.
[    5.801150] systemd[1]: Listening on udev Control Socket.
[[0;32m  OK  [0m] Listening on udev Control Socket.
[    5.803040] systemd[1]: Listening on Journal Audit Socket.
[[0;32m  OK  [0m] Listening on Journal Audit Socket.
[    5.804915] systemd[1]: Set up automount Arbitrary Executable File Formats File System Automount Point.
[[0;32m  OK  [0m] Set up automount Arbitrary Executab...ats File System Automount Point.
[    5.807711] systemd[1]: Started Trigger resolvconf update for networkd DNS.
[[0;32m  OK  [0m] Started Trigger resolvconf update for networkd DNS.
[    5.809870] systemd[1]: Listening on Journal Socket.
[[0;32m  OK  [0m] Listening on Journal Socket.
[    5.811561] systemd[1]: Listening on Syslog Socket.
[[0;32m  OK  [0m] Listening on Syslog Socket.
[    5.813191] systemd[1]: Reached target System Time Synchronized.
[[0;32m  OK  [0m] Reached target System Time Synchronized.
[    5.815095] systemd[1]: Listening on Journal Socket (/dev/log).
[[0;32m  OK  [0m] Listening on Journal Socket (/dev/log).
[    5.833644] systemd[1]: Created slice User and Session Slice.
[[0;32m  OK  [0m] Created slice User and Session Slice.
[    5.836022] systemd[1]: Started Forward Password Requests to Wall Directory Watch.
[[0;32m  OK  [0m] Started Forward Password Requests to Wall Directory Watch.
[    5.839141] systemd[1]: Listening on udev Kernel Socket.
[[0;32m  OK  [0m] Listening on udev Kernel Socket.
[    5.841358] systemd[1]: Listening on LVM2 metadata daemon socket.
[[0;32m  OK  [0m] Listening on LVM2 metadata daemon socket.
[    5.843779] systemd[1]: Reached target Encrypted Volumes.
[[0;32m  OK  [0m] Reached target Encrypted Volumes.
[    5.846019] systemd[1]: Reached target User and Group Name Lookups.
[[0;32m  OK  [0m] Reached target User and Group Name Lookups.
[    5.848504] systemd[1]: Listening on /dev/initctl Compatibility Named Pipe.
[[0;32m  OK  [0m] Listening on /dev/initctl Compatibility Named Pipe.
[    5.851079] systemd[1]: Listening on Device-mapper event daemon FIFOs.
[[0;32m  OK  [0m] Listening on Device-mapper event daemon FIFOs.
[    5.853501] systemd[1]: Created slice System Slice.
[[0;32m  OK  [0m] Created slice System Slice.
[    5.855683] systemd[1]: Starting Monitoring of LVM2 mirrors, snapshots etc. using dmeventd or progress polling...
         Starting Monitoring of LVM2 mirrors... dmeventd or progress polling...
[    5.859848] systemd[1]: Starting Nameserver information manager...
         Starting Nameserver information manager...
[    5.867463] systemd[1]: Starting Load Kernel Modules...
         Starting Load Kernel Modules...
[    5.870002] systemd[1]: Starting Set console keymap...
         Starting Set console keymap...
[    5.873973] systemd[1]: Mounting POSIX Message Queue File System...
         Mounting POSIX Message Queue File System...
[    5.879480] systemd[1]: Starting Remount Root and Kernel File Systems...
[    5.882553] Loading iSCSI transport class v2.0-870.
         Starting Remount Root and Kernel File Systems...
[    5.886091] systemd[1]: Mounting Huge Pages File System...
         Mounting Huge Pages File System...[    5.890899] EXT4-fs (sda1): re-mounted. Opts: (null)

[    5.893323] systemd[1]: Created slice system-serial\x2dgetty.slice.
[[0;32m  OK  [0m] Created slice system-serial\x2dgetty.slice.
[    5.948916] iscsi: registered transport (tcp)
[    5.985892] systemd[1]: Reached target Slices.
[[0;32m  OK  [0m] Reached target Slices.
[    5.989195] systemd[1]: Mounting Debug File System...
         Mounting Debug File System...
[    5.991705] systemd[1]: Reached target Swap.
[[0;32m  OK  [0m] Reached target Swap.
[    5.994862] systemd[1]: Starting Create list of required static device nodes for the current kernel...
         Starting Create list of required st... nodes for the current kernel...
[    6.043400] iscsi: registered transport (iser)
[    6.047871] systemd[1]: Listening on LVM2 poll daemon socket.
[[0;32m  OK  [0m] Listening on LVM2 poll daemon socket.
[    6.051794] systemd[1]: Starting Journal Service...
         Starting Journal Service...
[    6.055035] systemd[1]: Starting Uncomplicated firewall...
         Starting Uncomplicated firewall...
[    6.061764] systemd[1]: Mounted POSIX Message Queue File System.
[[0;32m  OK  [0m] Mounted POSIX Message Queue File System.
[    6.073283] systemd[1]: Mounted Huge Pages File System.
[[0;32m  OK  [0m] Mounted Huge Pages File System.
[    6.075811] systemd[1]: Mounted Debug File System.
[[0;32m  OK  [0m] Mounted Debug File System.
[    6.078081] systemd[1]: Started Load Kernel Modules.
[[0;32m  OK  [0m] Started Load Kernel Modules.
[    6.081920] systemd[1]: Started Set console keymap.
[[0;32m  OK  [0m] Started Set console keymap.
[    6.084544] systemd[1]: Started Remount Root and Kernel File Systems.
[[0;32m  OK  [0m] Started Remount Root and Kernel File Systems.
[    6.093617] systemd[1]: Started Create list of required static device nodes for the current kernel.
[[0;32m  OK  [0m] Started Create list of required sta...ce nodes for the current kernel.
[    6.096837] systemd[1]: Started Uncomplicated firewall.
[[0;32m  OK  [0m[    6.098030] random: nonblocking pool is initialized
] Started Uncomplicated firewall.
[    6.100592] systemd[1]: Started Nameserver information manager.
[[0;32m  OK  [0m] Started Nameserver information manager.
[    6.104027] systemd[1]: Started Journal Service.
[[0;32m  OK  [0m] Started Journal Service.
[[0;32m  OK  [0m] Started LVM2 metadata daemon.
         Starting Create Static Device Nodes in /dev...
         Starting udev Coldplug all Devices...
         Starting Flush Journal to Persistent Storage...
         Starting Load/Save Random Seed...
         Mounting FUSE Control File System...
         Starting Apply Kernel Variables...
[[0;32m  OK  [0m] Started Create Static Device Nodes in /dev.
         Starting udev Kernel Device Manager...
[[0;32m  OK  [0m] Mounted FUSE Control File System.
[[0;32m  OK  [0m] Started Load/Save Random Seed.
[[0;32m  OK  [0m] Started Apply Kernel Variables.
[[0;32m  OK  [0m] Started Flush Journal to Persistent Storage.
[[0;32m  OK  [0m] Started udev Coldplug all Devices.
[[0;32m  OK  [0m] Started udev Kernel Device Manager.
[[0;32m  OK  [0m] Started Dispatch Password Requests to Console Directory Watch.
[[0;32m  OK  [0m] Started Monitoring of LVM2 mirrors,...ng dmeventd or progress polling.
[[0;32m  OK  [0m] Reached target Local File Systems (Pre).
[[0;32m  OK  [0m] Reached target Local File Systems.
         Starting Tell Plymouth To Write Out Runtime Data...
         Starting Initial cloud-init job (pre-networking)...
         Starting Commit a transient machine-id on disk...
         Starting Create Volatile Files and Directories...
         Starting LSB: AppArmor initialization...
         Starting Set console font and keymap...
[[0;32m  OK  [0m] Started Tell Plymouth To Write Out Runtime Data.
[[0;32m  OK  [0m] Started Commit a transient machine-id on disk.
[[0;32m  OK  [0m] Started Create Volatile Files and Directories.
         Starting Update UTMP about System Boot/Shutdown...
[[0;32m  OK  [0m] Started Update UTMP about System Boot/Shutdown.
[[0;32m  OK  [0m] Found device /dev/ttyS0.
[[0;32m  OK  [0m] Listening on Load/Save RF Kill Switch Status /dev/rfkill Watch.
[    9.045713] cloud-init[486]: Cloud-init v. 19.4-33-gbb4131a2-0ubuntu1~16.04.1 running 'init-local' at Wed, 26 Feb 2020 09:48:13 +0000. Up 8.31 seconds.
[[0;32m  OK  [0m] Started Initial cloud-init job (pre-networking).
[[0;32m  OK  [0m] Reached target Network (Pre).
[[0;32m  OK  [0m] Started LSB: AppArmor initialization.
         Starting Raise network interfaces...
[[0;32m  OK  [0m] Started Set console font and keymap.
[[0;32m  OK  [0m] Created slice system-getty.slice.
[[0;32m  OK  [0m] Started Raise network interfaces.
[[0;32m  OK  [0m] Reached target Network.
         Starting Initial cloud-init job (metadata service crawler)...
[   11.139634] cloud-init[958]: Cloud-init v. 19.4-33-gbb4131a2-0ubuntu1~16.04.1 running 'init' at Wed, 26 Feb 2020 09:48:16 +0000. Up 10.58 seconds.
[   11.141730] cloud-init[958]: ci-info: ++++++++++++++++++++++++++++++++++++++Net device info++++++++++++++++++++++++++++++++++++++
[   11.148297] cloud-init[958]: ci-info: +--------+------+----------------------------+---------------+--------+-------------------+
[   11.150045] cloud-init[958]: ci-info: | Device |  Up  |          Address           |      Mask     | Scope  |     Hw-Address    |
[   11.151579] cloud-init[958]: ci-info: +--------+------+----------------------------+---------------+--------+-------------------+
[   11.202105] cloud-init[958]: ci-info: | enp0s3 | True |         10.0.2.15          | 255.255.255.0 | global | 02:28:e8:e3:81:d2 |
[   11.203823] cloud-init[958]: ci-info: | enp0s3 | True | fe80::28:e8ff:fee3:81d2/64 |       .       |  link  | 02:28:e8:e3:81:d2 |
[   11.205578] cloud-init[958]: ci-info: |   lo   | True |         127.0.0.1          |   255.0.0.0   |  host  |         .         |
[   11.207314] cloud-init[958]: ci-info: |   lo   | True |          ::1/128           |       .       |  host  |         .         |
[   11.209036] cloud-init[958]: ci-info: +--------+------+----------------------------+---------------+--------+-------------------+
[   11.210873] cloud-init[958]: ci-info: +++++++++++++++++++++++++++Route IPv4 info++++++++++++++++++++++++++++
[   11.212616] cloud-init[958]: ci-info: +-------+-------------+----------+---------------+-----------+-------+
[   11.214248] cloud-init[958]: ci-info: | Route | Destination | Gateway  |    Genmask    | Interface | Flags |
[   11.215850] cloud-init[958]: ci-info: +-------+-------------+----------+---------------+-----------+-------+
[   11.217392] cloud-init[958]: ci-info: |   0   |   0.0.0.0   | 10.0.2.2 |    0.0.0.0    |   enp0s3  |   UG  |
[   11.219087] cloud-init[958]: ci-info: |   1   |   10.0.2.0  | 0.0.0.0  | 255.255.255.0 |   enp0s3  |   U   |
[   11.220390] cloud-init[958]: ci-info: +-------+-------------+----------+---------------+-----------+-------+
[   11.221757] cloud-init[958]: ci-info: +++++++++++++++++++Route IPv6 info+++++++++++++++++++
[   11.222812] cloud-init[958]: ci-info: +-------+-------------+---------+-----------+-------+
[   11.224086] cloud-init[958]: ci-info: | Route | Destination | Gateway | Interface | Flags |
[   11.229070] cloud-init[958]: ci-info: +-------+-------------+---------+-----------+-------+
[   11.230317] cloud-init[958]: ci-info: |   0   |  fe80::/64  |    ::   |   enp0s3  |   U   |
[   11.231339] cloud-init[958]: ci-info: |   3   |   ff00::/8  |    ::   |   enp0s3  |   U   |
[   11.242662] cloud-init[958]: ci-info: +-------+-------------+---------+-----------+-------+
[   11.244335] cloud-init[958]: Generating public/private rsa key pair.
[   11.245572] cloud-init[958]: Your identification has been saved in /etc/ssh/ssh_host_rsa_key.
[   11.247201] cloud-init[958]: Your public key has been saved in /etc/ssh/ssh_host_rsa_key.pub.
[   11.248845] cloud-init[958]: The key fingerprint is:
[   11.249986] cloud-init[958]: SHA256:ctmc/9eJ6sTRYfrUWtxXxSCQSr/Q48AuL6pWjZ8AyBI root@ubuntu-xenial
[[0;32m  OK  [0m] Started Initial cloud-init job (metadata service crawler).
[[0;32m  OK  [0m] Reached target System Initialization.
[[0;32m  OK  [0m] Listening on UUID daemon activation socket.
[   11.255916] cloud-init[958]: The key's randomart image is:
[   11.257060] cloud-init[958]: +---[RSA 2048]----+
[[0;32m  OK  [0m] Started ACPI Events Check.
[[0;32m  OK  [0m] [   11.258673] Reached target Paths.
[[0;32m  OK  [0m] Started Daily apt download activities.
[[0;32m  OK  [0m] Started Daily apt upgrade and clean activities.
[[0;32m  OK  [0m] Listening on D-Bus System Message Bus Socket.
[[0;32m  OK  [0m] Started Message of the Day.
[[0;32m  OK  [0m] Started Daily Cleanup of Temporary Directories.
[[0;32m  OK  [0m] Reached target Timers.
[[0;32m  OK  [0m] Listening on ACPID Listen Socket.
         Starting Socket activation for snappy daemon.
cloud-init         Starting LXD - unix socket.
[[0;32m  OK  [0m] Reached target Cloud-config availability.
[[0;32m  OK  [0m] Reached target Network is Online.
[958]: |          .o. .o.|
         Starting iSCSI initiator daemon (iscsid)...
[   11.318573] cloud-init[958]: |E       . .  .  o|
[   11.319519] cloud-init[958]: [[0;32m  OK  [0m] Listening on Socket activation for snappy daemon.
[[0;32m  OK  [0m] Listening on LXD - unix socket.
[[0;32m  OK  [0m] Reached target Sockets.
[[0;32m  OK  [0m] Reached target Basic System.
|.o     o +   o  .|
[   11.327434] cloud-init[958]: |o..     =++.+ + o|         Starting /etc/rc.local Compatibility...

[[0;32m  OK  [0m] Started ACPI event daemon.
[   11.335223] cloud-init[958]: |.  . o..S++= o +o|         Starting Virtualbox guest utils...

[   11.339116] cloud-init[958]: |    + oo. +.+ o .|
[   11.340239] cloud-init[958]: |   . o +   o.o. o|
[   11.341649] cloud-init[958]: |  .   + . .  o .o|[[0;32m  OK  [0m] Started Regular background program processing daemon.
[[0;32m  OK  [0m] Started D-Bus System Message Bus.

[   11.349818] cloud-init[958]: | ..... .  .o. .. |
[   11.352808] cloud-init[958]: +----[SHA256]-----+
[   11.354159] cloud-init[958]: Generating public/private dsa key pair.
[   11.355123] cloud-init[958]: Your identification has been saved in /etc/ssh/ssh_host_dsa_key.
[   11.356385] cloud-init[958]: Your public key has been saved in /etc/ssh/ssh_host_dsa_key.pub.
[   11.357991] cloud-init[958]: The key fingerprint is:
[   11.358744] cloud-init[958]: SHA256:tHPSIN2gj5riR66NnrvkxPvuYf5NB0xce/tMnYH1Qm4 root@ubuntu-xenial
[   11.359883] cloud-init[958]: The key's randomart image is:
[   11.361532] cloud-init[958]: +---[DSA 1024]----+
[   11.362421] cloud-init[958]: |        . .   .. |
[   11.363310] cloud-init[958]: |       + + . oo .|
[   11.364830] cloud-init[958]: |      o * o ..E..|
[   11.408047] cloud-init[958]: |       B + . o oo|
[   11.409098] cloud-init[958]: |      . S o . ...|
[   11.410360] cloud-init[958]: | .  .o   =   +   |
[   11.411216] cloud-init[958]: |  =o=   . .   o  |
[   11.412224] cloud-init[958]: | = Oo. o .       |
[   11.413038] cloud-init[958]: | .@O*.. .        |
[   11.413843] cloud-init[958]: +----[SHA256]-----+
[   11.414752] cloud-init[958]: Generating public/private ecdsa key pair.
[   11.415736] cloud-init[958]: Your identification has been saved in /etc/ssh/ssh_host_ecdsa_key.
[   11.416860] cloud-init[958]: Your public key has been saved in /etc/ssh/ssh_host_ecdsa_key.pub.
[   11.418357] cloud-init[958]: The key fingerprint is:
[   11.419314] cloud-init[958]: SHA256:Rs3k1Ok9P9eSaQcVTMoYkWJjc4P/Lg1sAuAogWjMlyI root@ubuntu-xenial
[   11.428189] cloud-init[958]: The key's randomart image is:
         Starting Login Service...
         Starting System Logging Service...
[   11.438606] cloud-init[958]: +---[ECDSA 256]---+
[[0;32m  OK  [0m] Started Deferred execution scheduler.
[   11.442055] cloud-init[958]: |=   .     ++o.oo.|
[   11.443087] cloud-init[958]: |E* o .   & +* ...|
[   11.444130] cloud-init[958]: |o + o . + Xo.+ . |
[   11.445713] cloud-init         Starting Pollinate to seed the pseudo random number generator...
[958]: | . . . o   .. +  |         Starting Accounts Service...
[[0;32m  OK  [0m] Started FUSE filesystem for LXC.
         Starting LXD - container startup/shutdown...

         Starting LSB: Record successful boot for GRUB...
[   11.463759] cloud-init[958]: |  .     S . .  *.|
         Starting LSB: MD monitoring daemon...
         Starting Snappy daemon...
[[0;32m  OK  [0m] Started /etc/rc.local Compatibility.
[[0;32m  OK  [0m] Started Login Service.
[[0;32m  OK  [0m] Started Unattended Upgrades Shutdown.
[[0;32m  OK  [0m] Started iSCSI initiator daemon (iscsid).
         Starting Login to default iSCSI targets...
[[0;32m  OK  [0m] Started System Logging Service.
[   11.565974] cloud-init[958]: |       . . + .=.=|
[[0;32m  OK  [0m] Started Login to default iSCSI targets.
[[0;32m  OK  [0m] Reached target Remote File Systems (Pre).
[[0;32m  OK  [0m] Reached target Remote File Systems.
         Starting LSB: Set the CPU Frequency Scaling governor to "ondemand"...
         Starting LSB: daemon to balance interrupts for SMP systems...
         Starting Permit User Sessions...
         Starting LSB: automatic crash report generation...
[[0;32m  OK  [0m] Started Permit User Sessions.
         Starting Hold until boot process finishes up...
         Starting Terminate Plymouth Boot Screen...
[[0;32m  OK  [0m] Started Hold until boot process finishes up.
[[0;32m  OK  [0m] Started Serial Getty on ttyS0.
[   11.663639] cloud-init[958]: |          o +. oo|
         Starting Set console scheme...
[[0;32m  OK  [0m] Started Getty on tty1.
[   11.843771] cloud-init[[0;32m  OK  [0m] Reached target Login Prompts.
[[0;32m  OK  [0m] Started Virtualbox guest utils.
[[0;32m  OK  [0m] Started LSB: MD monitoring daemon.[958]: |           . o   |
[   11.850360] cloud-init[958]: |            .    |
[[0;32m  OK  [0m] Started Terminate Plymouth Boot Screen.
[[0;32m  OK  [0m] Started Set console scheme.

         Starting Authenticate and Authorize Users to Run Privileged Tasks...[   11.872448] cloud-init[958]: +----[SHA256]-----+
[   11.873246] cloud-init[958]: Generating public/private ed25519 key pair.

[   11.930346] cloud-init[958]: Your identification has been saved in /etc/ssh/ssh_host_ed25519_key.
[   11.948670] cloud-init[958]: Your public key has been saved in /etc/ssh/ssh_host_ed25519_key.pub.
[   11.963669] cloud-init[958]: The key fingerprint is:
[   11.967045] cloud-init[958]: SHA256:RTXpefU2omoQF0iZVPo8knJHuM3z3EnWSSml+oTFLIM root@ubuntu-xenial
[[0;32m  OK  [0m] Started LSB: Record successful boot for GRUB.
[[0;32m  OK  [0m] Started LSB: Set the CPU Frequency Scaling governor to "ondemand".
[[0;32m  OK  [0m] Started LSB: daemon to balance interrupts for SMP systems.[   11.971345] cloud-init[958]: The key's randomart image is:
[   11.980715] cloud-init[958]: +--[ED25519 256]--+

[   12.030784] cloud-init[958]: |      oo=...o. . |
[   12.032938] cloud-init[958]: |       +oo. +.o o|
[   12.034376] cloud-init[958]: |       o Eo+ B +.|
[   12.037265] cloud-init[958]: |       .Oo  O.=.+|
[   12.039821] cloud-init[958]: |     . =SO o.=.+.|
[   12.042232] cloud-init[958]: |      o.o =.* .  |
[   12.044080] cloud-init[958]: |        . .o +   |
[   12.047373] cloud-init[958]: |         o       |
[   12.048607] cloud-init[958]: |        .        |
[   12.052909] cloud-init[958]: +----[SHA256]-----+
[[0;32m  OK  [0m] Started LXD - container startup/shutdown.
[[0;32m  OK  [0m] Started LSB: automatic crash report generation.
[[0;32m  OK  [0m] Started Authenticate and Authorize Users to Run Privileged Tasks.
[[0;32m  OK  [0m] Started Accounts Service.
[[0;32m  OK  [0m] Started Snappy daemon.
         Starting Wait until snapd is fully seeded...
[[0;32m  OK  [0m] Started Pollinate to seed the pseudo random number generator.
         Starting OpenBSD Secure Shell server...
[[0;32m  OK  [0m] Started OpenBSD Secure Shell server.
[[0;32m  OK  [0m] Created slice User Slice of vagrant.
         Starting User Manager for UID 1000...
[[0;32m  OK  [0m] Started Session 1 of user vagrant.
[[0;32m  OK  [0m] Started User Manager for UID 1000.
[[0;32m  OK  [0m] Started Wait until snapd is fully seeded.
         Starting Apply the settings specified in cloud-config...
[[0;32m  OK  [0m] Reached target Multi-User System.
[[0;32m  OK  [0m] Reached target Graphical Interface.
         Starting Update UTMP about System Runlevel Changes...
[[0;32m  OK  [0m] Started Update UTMP about System Runlevel Changes.
[   15.273465] cloud-init[1448]: Generating locales (this might take a while)...
[[0;32m  OK  [0m] Started Session 2 of user vagrant.
[   16.751105] cloud-init[1448]:   en_US.UTF-8... done
[   16.752111] cloud-init[1448]: Generation complete.
[   17.223278] cloud-init[1448]: Cloud-init v. 19.4-33-gbb4131a2-0ubuntu1~16.04.1 running 'modules:config' at Wed, 26 Feb 2020 09:48:20 +0000. Up 15.14 seconds.

Ubuntu 16.04.6 LTS ubuntu-xenial ttyS0

ubuntu-xenial login: ci-info: no authorized SSH keys fingerprints found for user ubuntu.
<14>Feb 26 09:48:23 ec2: 
<14>Feb 26 09:48:23 ec2: #############################################################
<14>Feb 26 09:48:23 ec2: -----BEGIN SSH HOST KEY FINGERPRINTS-----
<14>Feb 26 09:48:23 ec2: 1024 SHA256:tHPSIN2gj5riR66NnrvkxPvuYf5NB0xce/tMnYH1Qm4 root@ubuntu-xenial (DSA)
<14>Feb 26 09:48:23 ec2: 256 SHA256:Rs3k1Ok9P9eSaQcVTMoYkWJjc4P/Lg1sAuAogWjMlyI root@ubuntu-xenial (ECDSA)
<14>Feb 26 09:48:23 ec2: 256 SHA256:RTXpefU2omoQF0iZVPo8knJHuM3z3EnWSSml+oTFLIM root@ubuntu-xenial (ED25519)
<14>Feb 26 09:48:23 ec2: 2048 SHA256:ctmc/9eJ6sTRYfrUWtxXxSCQSr/Q48AuL6pWjZ8AyBI root@ubuntu-xenial (RSA)
<14>Feb 26 09:48:23 ec2: -----END SSH HOST KEY FINGERPRINTS-----
<14>Feb 26 09:48:23 ec2: #############################################################
-----BEGIN SSH HOST KEY KEYS-----
ecdsa-sha2-nistp256 AAAAE2VjZHNhLXNoYTItbmlzdHAyNTYAAAAIbmlzdHAyNTYAAABBBEQweuWVQhmeUofQ9Zn3APwgOX/SMSbHma7YisKyNJ6eGn80MiPCuY+FDs7chFSnAGR8GpW1loXfwGlquurDnAQ= root@ubuntu-xenial
ssh-ed25519 AAAAC3NzaC1lZDI1NTE5AAAAIOO/Jq64k2KqdhSJuLlCdQ91DJJPSOjnu9DLQ5rhMBnn root@ubuntu-xenial
ssh-rsa AAAAB3NzaC1yc2EAAAADAQABAAABAQCyLWfSBROmQnj91HIHj9SyQAf0pE4mF5AvVC2MgsGcW9GWz4pcuGGjbkq3HuAxeIkx+r8eFc0pSZAYKHYMX6xnZ2WrmPz1qFHxDLYBbRZF72cq8uSzKQiKtquJKZhVoOkkWH4i+/Lfa7EMOeUoxR+cEFqfSQgxTQlFDtN5iNgbddkW24Fv3VOx0LCn2tnxDvX9SiRhD7G6+YXqg0A+JTbZYadVw0DbCRW5LRISgxy+5o8lVH+b7xDK+Gklr87MyecGlLwKxIRH4b9eCw85S2UrvSFaE/TkXUhJc3eOIRfH1a4d7y2S2O/J77EWLMcaRMxx7rhhA0KcIfDrfuNhxC2t root@ubuntu-xenial
-----END SSH HOST KEY KEYS-----
[   17.769529] cloud-init[1667]: Cloud-init v. 19.4-33-gbb4131a2-0ubuntu1~16.04.1 running 'modules:final' at Wed, 26 Feb 2020 09:48:23 +0000. Up 17.63 seconds.
[   17.770787] cloud-init[1667]: ci-info: no authorized SSH keys fingerprints found for user ubuntu.
[   17.771595] cloud-init[1667]: Cloud-init v. 19.4-33-gbb4131a2-0ubuntu1~16.04.1 finished at Wed, 26 Feb 2020 09:48:23 +0000. Datasource DataSourceNoCloud [seed=/dev/sdb][dsmode=net].  Up 17.76 seconds
